Using pre-set license
Built from '2020.3/staging' branch; Version is '2020.3.30f1 (1fb1bf06830e) revision 2077119'; Using compiler version '192528614'; Build Type 'Release'
OS: 'Windows 10  (10.0.19043) 64bit Professional' Language: 'tr' Physical Memory: 6021 MB
BatchMode: 1, IsHumanControllingUs: 0, StartBugReporterOnCrash: 0, Is64bit: 1, IsPro: 0

COMMAND LINE ARGUMENTS:
C:\Program Files\Unity\Hub\Editor\2020.3.30f1\Editor\Unity.exe
-adb2
-batchMode
-noUpm
-name
AssetImportWorker0
-projectPath
C:/mobile2d
-logFile
Logs/AssetImportWorker0.log
-srvPort
55767
Successfully changed project path to: C:/mobile2d
C:/mobile2d
Using Asset Import Pipeline V2.
Refreshing native plugins compatible for Editor in 102.44 ms, found 3 plugins.
Preloading 0 native plugins for Editor in 0.00 ms.
Initialize engine version: 2020.3.30f1 (1fb1bf06830e)
[Subsystems] Discovering subsystems at path C:/Program Files/Unity/Hub/Editor/2020.3.30f1/Editor/Data/Resources/UnitySubsystems
[Subsystems] Discovering subsystems at path C:/mobile2d/Assets
GfxDevice: creating device client; threaded=0
Direct3D:
    Version:  Direct3D 11.0 [level 11.1]
    Renderer: NVIDIA GeForce GTX 1050 (ID=0x1c91)
    Vendor:   
    VRAM:     2996 MB
    Driver:   30.0.14.7247
Initialize mono
Mono path[0] = 'C:/Program Files/Unity/Hub/Editor/2020.3.30f1/Editor/Data/Managed'
Mono path[1] = 'C:/Program Files/Unity/Hub/Editor/2020.3.30f1/Editor/Data/MonoBleedingEdge/lib/mono/unityjit'
Mono config path = 'C:/Program Files/Unity/Hub/Editor/2020.3.30f1/Editor/Data/MonoBleedingEdge/etc'
Using monoOptions --debugger-agent=transport=dt_socket,embedding=1,server=y,suspend=n,address=127.0.0.1:56232
Begin MonoManager ReloadAssembly
Registering precompiled unity dll's ...
Register platform support module: C:/Program Files/Unity/Hub/Editor/2020.3.30f1/Editor/Data/PlaybackEngines/WindowsStandaloneSupport/UnityEditor.WindowsStandalone.Extensions.dll
Registered in 0.003094 seconds.
Native extension for WindowsStandalone target not found
Refreshing native plugins compatible for Editor in 81.43 ms, found 3 plugins.
Preloading 0 native plugins for Editor in 0.00 ms.
Mono: successfully reloaded assembly
- Completed reload, in  0.950 seconds
Domain Reload Profiling:
	ReloadAssembly (950ms)
		BeginReloadAssembly (134ms)
			ExecutionOrderSort (0ms)
			DisableScriptedObjects (0ms)
			BackupInstance (0ms)
			ReleaseScriptingObjects (0ms)
			CreateAndSetChildDomain (1ms)
		EndReloadAssembly (703ms)
			LoadAssemblies (127ms)
			RebuildTransferFunctionScriptingTraits (0ms)
			SetupTypeCache (243ms)
			ReleaseScriptCaches (0ms)
			RebuildScriptCaches (48ms)
			SetupLoadedEditorAssemblies (265ms)
				LogAssemblyErrors (0ms)
				InitializePlatformSupportModulesInManaged (7ms)
				SetLoadedEditorAssemblies (0ms)
				RefreshPlugins (82ms)
				BeforeProcessingInitializeOnLoad (20ms)
				ProcessInitializeOnLoadAttributes (114ms)
				ProcessInitializeOnLoadMethodAttributes (41ms)
				AfterProcessingInitializeOnLoad (0ms)
				EditorAssembliesLoaded (0ms)
			ExecutionOrderSort2 (0ms)
			AwakeInstancesAfterBackupRestoration (0ms)
Platform modules already initialized, skipping
Registering precompiled user dll's ...
Registered in 0.004529 seconds.
Begin MonoManager ReloadAssembly
Native extension for WindowsStandalone target not found
Refreshing native plugins compatible for Editor in 70.55 ms, found 3 plugins.
Preloading 0 native plugins for Editor in 0.00 ms.
Mono: successfully reloaded assembly
- Completed reload, in  1.724 seconds
Domain Reload Profiling:
	ReloadAssembly (1726ms)
		BeginReloadAssembly (209ms)
			ExecutionOrderSort (0ms)
			DisableScriptedObjects (6ms)
			BackupInstance (0ms)
			ReleaseScriptingObjects (0ms)
			CreateAndSetChildDomain (24ms)
		EndReloadAssembly (1384ms)
			LoadAssemblies (168ms)
			RebuildTransferFunctionScriptingTraits (0ms)
			SetupTypeCache (455ms)
			ReleaseScriptCaches (1ms)
			RebuildScriptCaches (60ms)
			SetupLoadedEditorAssemblies (534ms)
				LogAssemblyErrors (0ms)
				InitializePlatformSupportModulesInManaged (5ms)
				SetLoadedEditorAssemblies (0ms)
				RefreshPlugins (71ms)
				BeforeProcessingInitializeOnLoad (114ms)
				ProcessInitializeOnLoadAttributes (309ms)
				ProcessInitializeOnLoadMethodAttributes (25ms)
				AfterProcessingInitializeOnLoad (10ms)
				EditorAssembliesLoaded (0ms)
			ExecutionOrderSort2 (0ms)
			AwakeInstancesAfterBackupRestoration (8ms)
Platform modules already initialized, skipping
========================================================================
Worker process is ready to serve import requests
Launched and connected shader compiler UnityShaderCompiler.exe after 0.08 seconds
Refreshing native plugins compatible for Editor in 1.34 ms, found 3 plugins.
Preloading 0 native plugins for Editor in 0.00 ms.
Unloading 2315 Unused Serialized files (Serialized files now loaded: 0)
System memory in use before: 99.7 MB.
System memory in use after: 99.9 MB.

Unloading 38 unused Assets to reduce memory usage. Loaded Objects now: 2741.
Total: 8.176100 ms (FindLiveObjects: 0.308100 ms CreateObjectMapping: 0.087500 ms MarkObjects: 7.454500 ms  DeleteObjects: 0.324200 ms)

AssetImportParameters requested are different than current active one (requested -> active):
  custom:framework-win-MediaFoundation: 216162199b28c13a410421893ffa2e32 -> 
  custom:video-decoder-ogg-theora: a1e56fd34408186e4bbccfd4996cb3dc -> 
  custom:container-muxer-webm: aa71ff27fc2769a1b78a27578f13a17b -> 
  custom:container-demuxer-webm: 4f35f7cbe854078d1ac9338744f61a02 -> 
  custom:container-demuxer-ogg: 62fdf1f143b41e24485cea50d1cbac27 -> 
  custom:video-encoder-webm-vp8: eb34c28f22e8b96e1ab97ce403110664 -> 
  custom:video-decoder-webm-vp8: 9c59270c3fd7afecdb556c50c9e8de78 -> 
  custom:audio-decoder-ogg-vorbis: bf7c407c2cedff20999df2af8eb42d56 -> 
  custom:audio-encoder-webm-vorbis: bf7c407c2cedff20999df2af8eb42d56 -> 
========================================================================
Received Import Request.
  path: Assets/Scripts/dusman.cs
  artifactKey: Guid(e42939efab1243d42a4b0dff5683b9ae) Importer(815301076,1909f56bfc062723c751e8b465ee728b)
Start importing Assets/Scripts/dusman.cs using Guid(e42939efab1243d42a4b0dff5683b9ae) Importer(815301076,1909f56bfc062723c751e8b465ee728b)  -> (artifact id: '9fd7bddf270d8cba0e89def7981f4538') in 0.042153 seconds 
========================================================================
Received Prepare
Registering precompiled user dll's ...
Registered in 0.007124 seconds.
Begin MonoManager ReloadAssembly
Native extension for WindowsStandalone target not found
Refreshing native plugins compatible for Editor in 1.24 ms, found 3 plugins.
Preloading 0 native plugins for Editor in 0.00 ms.
Mono: successfully reloaded assembly
- Completed reload, in  1.329 seconds
Domain Reload Profiling:
	ReloadAssembly (1330ms)
		BeginReloadAssembly (151ms)
			ExecutionOrderSort (0ms)
			DisableScriptedObjects (8ms)
			BackupInstance (0ms)
			ReleaseScriptingObjects (0ms)
			CreateAndSetChildDomain (45ms)
		EndReloadAssembly (1099ms)
			LoadAssemblies (126ms)
			RebuildTransferFunctionScriptingTraits (0ms)
			SetupTypeCache (356ms)
			ReleaseScriptCaches (1ms)
			RebuildScriptCaches (56ms)
			SetupLoadedEditorAssemblies (435ms)
				LogAssemblyErrors (0ms)
				InitializePlatformSupportModulesInManaged (8ms)
				SetLoadedEditorAssemblies (1ms)
				RefreshPlugins (1ms)
				BeforeProcessingInitializeOnLoad (139ms)
				ProcessInitializeOnLoadAttributes (259ms)
				ProcessInitializeOnLoadMethodAttributes (15ms)
				AfterProcessingInitializeOnLoad (11ms)
				EditorAssembliesLoaded (0ms)
			ExecutionOrderSort2 (0ms)
			AwakeInstancesAfterBackupRestoration (12ms)
Platform modules already initialized, skipping
Refreshing native plugins compatible for Editor in 0.81 ms, found 3 plugins.
Preloading 0 native plugins for Editor in 0.00 ms.
Unloading 2304 Unused Serialized files (Serialized files now loaded: 0)
System memory in use before: 99.1 MB.
System memory in use after: 99.4 MB.

Unloading 27 unused Assets to reduce memory usage. Loaded Objects now: 2744.
Total: 4.606500 ms (FindLiveObjects: 0.269600 ms CreateObjectMapping: 0.084900 ms MarkObjects: 4.217500 ms  DeleteObjects: 0.032900 ms)

AssetImportParameters requested are different than current active one (requested -> active):
  custom:framework-win-MediaFoundation: 216162199b28c13a410421893ffa2e32 -> 
  custom:video-decoder-ogg-theora: a1e56fd34408186e4bbccfd4996cb3dc -> 
  custom:container-muxer-webm: aa71ff27fc2769a1b78a27578f13a17b -> 
  custom:container-demuxer-webm: 4f35f7cbe854078d1ac9338744f61a02 -> 
  custom:container-demuxer-ogg: 62fdf1f143b41e24485cea50d1cbac27 -> 
  custom:video-encoder-webm-vp8: eb34c28f22e8b96e1ab97ce403110664 -> 
  custom:video-decoder-webm-vp8: 9c59270c3fd7afecdb556c50c9e8de78 -> 
  custom:audio-decoder-ogg-vorbis: bf7c407c2cedff20999df2af8eb42d56 -> 
  custom:audio-encoder-webm-vorbis: bf7c407c2cedff20999df2af8eb42d56 -> 
========================================================================
Received Prepare
Registering precompiled user dll's ...
Registered in 0.004282 seconds.
Begin MonoManager ReloadAssembly
Native extension for WindowsStandalone target not found
Refreshing native plugins compatible for Editor in 0.82 ms, found 3 plugins.
Preloading 0 native plugins for Editor in 0.00 ms.
Mono: successfully reloaded assembly
- Completed reload, in  1.384 seconds
Domain Reload Profiling:
	ReloadAssembly (1384ms)
		BeginReloadAssembly (153ms)
			ExecutionOrderSort (0ms)
			DisableScriptedObjects (7ms)
			BackupInstance (0ms)
			ReleaseScriptingObjects (0ms)
			CreateAndSetChildDomain (45ms)
		EndReloadAssembly (1139ms)
			LoadAssemblies (129ms)
			RebuildTransferFunctionScriptingTraits (0ms)
			SetupTypeCache (381ms)
			ReleaseScriptCaches (1ms)
			RebuildScriptCaches (56ms)
			SetupLoadedEditorAssemblies (447ms)
				LogAssemblyErrors (0ms)
				InitializePlatformSupportModulesInManaged (6ms)
				SetLoadedEditorAssemblies (1ms)
				RefreshPlugins (1ms)
				BeforeProcessingInitializeOnLoad (112ms)
				ProcessInitializeOnLoadAttributes (294ms)
				ProcessInitializeOnLoadMethodAttributes (19ms)
				AfterProcessingInitializeOnLoad (15ms)
				EditorAssembliesLoaded (0ms)
			ExecutionOrderSort2 (0ms)
			AwakeInstancesAfterBackupRestoration (13ms)
Platform modules already initialized, skipping
Refreshing native plugins compatible for Editor in 0.96 ms, found 3 plugins.
Preloading 0 native plugins for Editor in 0.00 ms.
Unloading 2304 Unused Serialized files (Serialized files now loaded: 0)
System memory in use before: 99.2 MB.
System memory in use after: 99.4 MB.

Unloading 27 unused Assets to reduce memory usage. Loaded Objects now: 2747.
Total: 5.655500 ms (FindLiveObjects: 0.347300 ms CreateObjectMapping: 0.125300 ms MarkObjects: 5.138400 ms  DeleteObjects: 0.042600 ms)

AssetImportParameters requested are different than current active one (requested -> active):
  custom:framework-win-MediaFoundation: 216162199b28c13a410421893ffa2e32 -> 
  custom:video-decoder-ogg-theora: a1e56fd34408186e4bbccfd4996cb3dc -> 
  custom:container-muxer-webm: aa71ff27fc2769a1b78a27578f13a17b -> 
  custom:container-demuxer-webm: 4f35f7cbe854078d1ac9338744f61a02 -> 
  custom:container-demuxer-ogg: 62fdf1f143b41e24485cea50d1cbac27 -> 
  custom:video-encoder-webm-vp8: eb34c28f22e8b96e1ab97ce403110664 -> 
  custom:video-decoder-webm-vp8: 9c59270c3fd7afecdb556c50c9e8de78 -> 
  custom:audio-decoder-ogg-vorbis: bf7c407c2cedff20999df2af8eb42d56 -> 
  custom:audio-encoder-webm-vorbis: bf7c407c2cedff20999df2af8eb42d56 -> 
========================================================================
Received Prepare
Registering precompiled user dll's ...
Registered in 0.004324 seconds.
Begin MonoManager ReloadAssembly
Native extension for WindowsStandalone target not found
Refreshing native plugins compatible for Editor in 0.98 ms, found 3 plugins.
Preloading 0 native plugins for Editor in 0.00 ms.
Mono: successfully reloaded assembly
- Completed reload, in  1.292 seconds
Domain Reload Profiling:
	ReloadAssembly (1292ms)
		BeginReloadAssembly (153ms)
			ExecutionOrderSort (0ms)
			DisableScriptedObjects (9ms)
			BackupInstance (0ms)
			ReleaseScriptingObjects (0ms)
			CreateAndSetChildDomain (44ms)
		EndReloadAssembly (1058ms)
			LoadAssemblies (131ms)
			RebuildTransferFunctionScriptingTraits (0ms)
			SetupTypeCache (353ms)
			ReleaseScriptCaches (1ms)
			RebuildScriptCaches (53ms)
			SetupLoadedEditorAssemblies (404ms)
				LogAssemblyErrors (0ms)
				InitializePlatformSupportModulesInManaged (6ms)
				SetLoadedEditorAssemblies (1ms)
				RefreshPlugins (1ms)
				BeforeProcessingInitializeOnLoad (119ms)
				ProcessInitializeOnLoadAttributes (250ms)
				ProcessInitializeOnLoadMethodAttributes (17ms)
				AfterProcessingInitializeOnLoad (10ms)
				EditorAssembliesLoaded (0ms)
			ExecutionOrderSort2 (0ms)
			AwakeInstancesAfterBackupRestoration (12ms)
Platform modules already initialized, skipping
Refreshing native plugins compatible for Editor in 0.95 ms, found 3 plugins.
Preloading 0 native plugins for Editor in 0.00 ms.
Unloading 2304 Unused Serialized files (Serialized files now loaded: 0)
System memory in use before: 99.2 MB.
System memory in use after: 99.4 MB.

Unloading 27 unused Assets to reduce memory usage. Loaded Objects now: 2750.
Total: 4.410800 ms (FindLiveObjects: 0.277900 ms CreateObjectMapping: 0.082000 ms MarkObjects: 4.017200 ms  DeleteObjects: 0.032400 ms)

AssetImportParameters requested are different than current active one (requested -> active):
  custom:framework-win-MediaFoundation: 216162199b28c13a410421893ffa2e32 -> 
  custom:video-decoder-ogg-theora: a1e56fd34408186e4bbccfd4996cb3dc -> 
  custom:container-muxer-webm: aa71ff27fc2769a1b78a27578f13a17b -> 
  custom:container-demuxer-webm: 4f35f7cbe854078d1ac9338744f61a02 -> 
  custom:container-demuxer-ogg: 62fdf1f143b41e24485cea50d1cbac27 -> 
  custom:video-encoder-webm-vp8: eb34c28f22e8b96e1ab97ce403110664 -> 
  custom:video-decoder-webm-vp8: 9c59270c3fd7afecdb556c50c9e8de78 -> 
  custom:audio-decoder-ogg-vorbis: bf7c407c2cedff20999df2af8eb42d56 -> 
  custom:audio-encoder-webm-vorbis: bf7c407c2cedff20999df2af8eb42d56 -> 
========================================================================
Received Prepare
Registering precompiled user dll's ...
Registered in 0.004480 seconds.
Begin MonoManager ReloadAssembly
Native extension for WindowsStandalone target not found
Refreshing native plugins compatible for Editor in 0.79 ms, found 3 plugins.
Preloading 0 native plugins for Editor in 0.00 ms.
Mono: successfully reloaded assembly
- Completed reload, in  1.270 seconds
Domain Reload Profiling:
	ReloadAssembly (1271ms)
		BeginReloadAssembly (149ms)
			ExecutionOrderSort (0ms)
			DisableScriptedObjects (7ms)
			BackupInstance (0ms)
			ReleaseScriptingObjects (0ms)
			CreateAndSetChildDomain (41ms)
		EndReloadAssembly (1040ms)
			LoadAssemblies (129ms)
			RebuildTransferFunctionScriptingTraits (0ms)
			SetupTypeCache (353ms)
			ReleaseScriptCaches (1ms)
			RebuildScriptCaches (52ms)
			SetupLoadedEditorAssemblies (392ms)
				LogAssemblyErrors (0ms)
				InitializePlatformSupportModulesInManaged (7ms)
				SetLoadedEditorAssemblies (1ms)
				RefreshPlugins (1ms)
				BeforeProcessingInitializeOnLoad (115ms)
				ProcessInitializeOnLoadAttributes (243ms)
				ProcessInitializeOnLoadMethodAttributes (16ms)
				AfterProcessingInitializeOnLoad (10ms)
				EditorAssembliesLoaded (0ms)
			ExecutionOrderSort2 (0ms)
			AwakeInstancesAfterBackupRestoration (11ms)
Platform modules already initialized, skipping
Refreshing native plugins compatible for Editor in 0.89 ms, found 3 plugins.
Preloading 0 native plugins for Editor in 0.00 ms.
Unloading 2304 Unused Serialized files (Serialized files now loaded: 0)
System memory in use before: 99.2 MB.
System memory in use after: 99.4 MB.

Unloading 27 unused Assets to reduce memory usage. Loaded Objects now: 2753.
Total: 3.786800 ms (FindLiveObjects: 0.353600 ms CreateObjectMapping: 0.098700 ms MarkObjects: 3.300700 ms  DeleteObjects: 0.032900 ms)

AssetImportParameters requested are different than current active one (requested -> active):
  custom:framework-win-MediaFoundation: 216162199b28c13a410421893ffa2e32 -> 
  custom:video-decoder-ogg-theora: a1e56fd34408186e4bbccfd4996cb3dc -> 
  custom:container-muxer-webm: aa71ff27fc2769a1b78a27578f13a17b -> 
  custom:container-demuxer-webm: 4f35f7cbe854078d1ac9338744f61a02 -> 
  custom:container-demuxer-ogg: 62fdf1f143b41e24485cea50d1cbac27 -> 
  custom:video-encoder-webm-vp8: eb34c28f22e8b96e1ab97ce403110664 -> 
  custom:video-decoder-webm-vp8: 9c59270c3fd7afecdb556c50c9e8de78 -> 
  custom:audio-decoder-ogg-vorbis: bf7c407c2cedff20999df2af8eb42d56 -> 
  custom:audio-encoder-webm-vorbis: bf7c407c2cedff20999df2af8eb42d56 -> 
========================================================================
Received Prepare
Registering precompiled user dll's ...
Registered in 0.007139 seconds.
Begin MonoManager ReloadAssembly
Native extension for WindowsStandalone target not found
Refreshing native plugins compatible for Editor in 0.80 ms, found 3 plugins.
Preloading 0 native plugins for Editor in 0.00 ms.
Mono: successfully reloaded assembly
- Completed reload, in  1.230 seconds
Domain Reload Profiling:
	ReloadAssembly (1231ms)
		BeginReloadAssembly (151ms)
			ExecutionOrderSort (0ms)
			DisableScriptedObjects (7ms)
			BackupInstance (0ms)
			ReleaseScriptingObjects (0ms)
			CreateAndSetChildDomain (39ms)
		EndReloadAssembly (1002ms)
			LoadAssemblies (134ms)
			RebuildTransferFunctionScriptingTraits (0ms)
			SetupTypeCache (330ms)
			ReleaseScriptCaches (2ms)
			RebuildScriptCaches (49ms)
			SetupLoadedEditorAssemblies (382ms)
				LogAssemblyErrors (0ms)
				InitializePlatformSupportModulesInManaged (5ms)
				SetLoadedEditorAssemblies (1ms)
				RefreshPlugins (1ms)
				BeforeProcessingInitializeOnLoad (110ms)
				ProcessInitializeOnLoadAttributes (240ms)
				ProcessInitializeOnLoadMethodAttributes (15ms)
				AfterProcessingInitializeOnLoad (10ms)
				EditorAssembliesLoaded (0ms)
			ExecutionOrderSort2 (0ms)
			AwakeInstancesAfterBackupRestoration (12ms)
Platform modules already initialized, skipping
Refreshing native plugins compatible for Editor in 1.22 ms, found 3 plugins.
Preloading 0 native plugins for Editor in 0.00 ms.
Unloading 2304 Unused Serialized files (Serialized files now loaded: 0)
System memory in use before: 99.1 MB.
System memory in use after: 99.4 MB.

Unloading 27 unused Assets to reduce memory usage. Loaded Objects now: 2756.
Total: 4.926700 ms (FindLiveObjects: 0.319900 ms CreateObjectMapping: 0.098700 ms MarkObjects: 4.471400 ms  DeleteObjects: 0.035000 ms)

AssetImportParameters requested are different than current active one (requested -> active):
  custom:framework-win-MediaFoundation: 216162199b28c13a410421893ffa2e32 -> 
  custom:video-decoder-ogg-theora: a1e56fd34408186e4bbccfd4996cb3dc -> 
  custom:container-muxer-webm: aa71ff27fc2769a1b78a27578f13a17b -> 
  custom:container-demuxer-webm: 4f35f7cbe854078d1ac9338744f61a02 -> 
  custom:container-demuxer-ogg: 62fdf1f143b41e24485cea50d1cbac27 -> 
  custom:video-encoder-webm-vp8: eb34c28f22e8b96e1ab97ce403110664 -> 
  custom:video-decoder-webm-vp8: 9c59270c3fd7afecdb556c50c9e8de78 -> 
  custom:audio-decoder-ogg-vorbis: bf7c407c2cedff20999df2af8eb42d56 -> 
  custom:audio-encoder-webm-vorbis: bf7c407c2cedff20999df2af8eb42d56 -> 
========================================================================
Received Prepare
Registering precompiled user dll's ...
Registered in 0.004412 seconds.
Begin MonoManager ReloadAssembly
Native extension for WindowsStandalone target not found
Refreshing native plugins compatible for Editor in 0.79 ms, found 3 plugins.
Preloading 0 native plugins for Editor in 0.00 ms.
Mono: successfully reloaded assembly
- Completed reload, in  1.266 seconds
Domain Reload Profiling:
	ReloadAssembly (1267ms)
		BeginReloadAssembly (173ms)
			ExecutionOrderSort (0ms)
			DisableScriptedObjects (8ms)
			BackupInstance (0ms)
			ReleaseScriptingObjects (0ms)
			CreateAndSetChildDomain (48ms)
		EndReloadAssembly (1012ms)
			LoadAssemblies (150ms)
			RebuildTransferFunctionScriptingTraits (0ms)
			SetupTypeCache (338ms)
			ReleaseScriptCaches (2ms)
			RebuildScriptCaches (52ms)
			SetupLoadedEditorAssemblies (375ms)
				LogAssemblyErrors (0ms)
				InitializePlatformSupportModulesInManaged (5ms)
				SetLoadedEditorAssemblies (1ms)
				RefreshPlugins (1ms)
				BeforeProcessingInitializeOnLoad (109ms)
				ProcessInitializeOnLoadAttributes (235ms)
				ProcessInitializeOnLoadMethodAttributes (14ms)
				AfterProcessingInitializeOnLoad (10ms)
				EditorAssembliesLoaded (0ms)
			ExecutionOrderSort2 (0ms)
			AwakeInstancesAfterBackupRestoration (11ms)
Platform modules already initialized, skipping
Refreshing native plugins compatible for Editor in 0.96 ms, found 3 plugins.
Preloading 0 native plugins for Editor in 0.00 ms.
Unloading 2304 Unused Serialized files (Serialized files now loaded: 0)
System memory in use before: 99.2 MB.
System memory in use after: 99.5 MB.

Unloading 27 unused Assets to reduce memory usage. Loaded Objects now: 2759.
Total: 3.739200 ms (FindLiveObjects: 0.307500 ms CreateObjectMapping: 0.083400 ms MarkObjects: 3.316600 ms  DeleteObjects: 0.030700 ms)

AssetImportParameters requested are different than current active one (requested -> active):
  custom:framework-win-MediaFoundation: 216162199b28c13a410421893ffa2e32 -> 
  custom:video-decoder-ogg-theora: a1e56fd34408186e4bbccfd4996cb3dc -> 
  custom:container-muxer-webm: aa71ff27fc2769a1b78a27578f13a17b -> 
  custom:container-demuxer-webm: 4f35f7cbe854078d1ac9338744f61a02 -> 
  custom:container-demuxer-ogg: 62fdf1f143b41e24485cea50d1cbac27 -> 
  custom:video-encoder-webm-vp8: eb34c28f22e8b96e1ab97ce403110664 -> 
  custom:video-decoder-webm-vp8: 9c59270c3fd7afecdb556c50c9e8de78 -> 
  custom:audio-decoder-ogg-vorbis: bf7c407c2cedff20999df2af8eb42d56 -> 
  custom:audio-encoder-webm-vorbis: bf7c407c2cedff20999df2af8eb42d56 -> 
========================================================================
Received Prepare
Registering precompiled user dll's ...
Registered in 0.004303 seconds.
Begin MonoManager ReloadAssembly
Native extension for WindowsStandalone target not found
Refreshing native plugins compatible for Editor in 0.81 ms, found 3 plugins.
Preloading 0 native plugins for Editor in 0.00 ms.
Mono: successfully reloaded assembly
- Completed reload, in  1.360 seconds
Domain Reload Profiling:
	ReloadAssembly (1361ms)
		BeginReloadAssembly (158ms)
			ExecutionOrderSort (0ms)
			DisableScriptedObjects (9ms)
			BackupInstance (0ms)
			ReleaseScriptingObjects (0ms)
			CreateAndSetChildDomain (47ms)
		EndReloadAssembly (1121ms)
			LoadAssemblies (131ms)
			RebuildTransferFunctionScriptingTraits (0ms)
			SetupTypeCache (398ms)
			ReleaseScriptCaches (1ms)
			RebuildScriptCaches (62ms)
			SetupLoadedEditorAssemblies (410ms)
				LogAssemblyErrors (0ms)
				InitializePlatformSupportModulesInManaged (5ms)
				SetLoadedEditorAssemblies (1ms)
				RefreshPlugins (1ms)
				BeforeProcessingInitializeOnLoad (112ms)
				ProcessInitializeOnLoadAttributes (266ms)
				ProcessInitializeOnLoadMethodAttributes (15ms)
				AfterProcessingInitializeOnLoad (10ms)
				EditorAssembliesLoaded (0ms)
			ExecutionOrderSort2 (0ms)
			AwakeInstancesAfterBackupRestoration (11ms)
Platform modules already initialized, skipping
Refreshing native plugins compatible for Editor in 1.49 ms, found 3 plugins.
Preloading 0 native plugins for Editor in 0.00 ms.
Unloading 2304 Unused Serialized files (Serialized files now loaded: 0)
System memory in use before: 99.2 MB.
System memory in use after: 99.5 MB.

Unloading 27 unused Assets to reduce memory usage. Loaded Objects now: 2762.
Total: 5.460700 ms (FindLiveObjects: 0.327200 ms CreateObjectMapping: 0.123600 ms MarkObjects: 4.962300 ms  DeleteObjects: 0.046100 ms)

AssetImportParameters requested are different than current active one (requested -> active):
  custom:framework-win-MediaFoundation: 216162199b28c13a410421893ffa2e32 -> 
  custom:video-decoder-ogg-theora: a1e56fd34408186e4bbccfd4996cb3dc -> 
  custom:container-muxer-webm: aa71ff27fc2769a1b78a27578f13a17b -> 
  custom:container-demuxer-webm: 4f35f7cbe854078d1ac9338744f61a02 -> 
  custom:container-demuxer-ogg: 62fdf1f143b41e24485cea50d1cbac27 -> 
  custom:video-encoder-webm-vp8: eb34c28f22e8b96e1ab97ce403110664 -> 
  custom:video-decoder-webm-vp8: 9c59270c3fd7afecdb556c50c9e8de78 -> 
  custom:audio-decoder-ogg-vorbis: bf7c407c2cedff20999df2af8eb42d56 -> 
  custom:audio-encoder-webm-vorbis: bf7c407c2cedff20999df2af8eb42d56 -> 
========================================================================
Received Prepare
Registering precompiled user dll's ...
Registered in 0.004860 seconds.
Begin MonoManager ReloadAssembly
Native extension for WindowsStandalone target not found
Refreshing native plugins compatible for Editor in 1.21 ms, found 3 plugins.
Preloading 0 native plugins for Editor in 0.00 ms.
Mono: successfully reloaded assembly
- Completed reload, in  1.618 seconds
Domain Reload Profiling:
	ReloadAssembly (1620ms)
		BeginReloadAssembly (153ms)
			ExecutionOrderSort (0ms)
			DisableScriptedObjects (14ms)
			BackupInstance (0ms)
			ReleaseScriptingObjects (0ms)
			CreateAndSetChildDomain (39ms)
		EndReloadAssembly (1375ms)
			LoadAssemblies (138ms)
			RebuildTransferFunctionScriptingTraits (0ms)
			SetupTypeCache (410ms)
			ReleaseScriptCaches (2ms)
			RebuildScriptCaches (58ms)
			SetupLoadedEditorAssemblies (621ms)
				LogAssemblyErrors (0ms)
				InitializePlatformSupportModulesInManaged (10ms)
				SetLoadedEditorAssemblies (1ms)
				RefreshPlugins (1ms)
				BeforeProcessingInitializeOnLoad (200ms)
				ProcessInitializeOnLoadAttributes (381ms)
				ProcessInitializeOnLoadMethodAttributes (17ms)
				AfterProcessingInitializeOnLoad (11ms)
				EditorAssembliesLoaded (0ms)
			ExecutionOrderSort2 (0ms)
			AwakeInstancesAfterBackupRestoration (13ms)
Platform modules already initialized, skipping
Refreshing native plugins compatible for Editor in 2.57 ms, found 3 plugins.
Preloading 0 native plugins for Editor in 0.00 ms.
Unloading 2304 Unused Serialized files (Serialized files now loaded: 0)
System memory in use before: 99.3 MB.
System memory in use after: 99.5 MB.

Unloading 27 unused Assets to reduce memory usage. Loaded Objects now: 2765.
Total: 5.233200 ms (FindLiveObjects: 0.518000 ms CreateObjectMapping: 0.255500 ms MarkObjects: 4.414500 ms  DeleteObjects: 0.043100 ms)

AssetImportParameters requested are different than current active one (requested -> active):
  custom:framework-win-MediaFoundation: 216162199b28c13a410421893ffa2e32 -> 
  custom:video-decoder-ogg-theora: a1e56fd34408186e4bbccfd4996cb3dc -> 
  custom:container-muxer-webm: aa71ff27fc2769a1b78a27578f13a17b -> 
  custom:container-demuxer-webm: 4f35f7cbe854078d1ac9338744f61a02 -> 
  custom:container-demuxer-ogg: 62fdf1f143b41e24485cea50d1cbac27 -> 
  custom:video-encoder-webm-vp8: eb34c28f22e8b96e1ab97ce403110664 -> 
  custom:video-decoder-webm-vp8: 9c59270c3fd7afecdb556c50c9e8de78 -> 
  custom:audio-decoder-ogg-vorbis: bf7c407c2cedff20999df2af8eb42d56 -> 
  custom:audio-encoder-webm-vorbis: bf7c407c2cedff20999df2af8eb42d56 -> 
========================================================================
Received Prepare
Registering precompiled user dll's ...
Registered in 0.004307 seconds.
Begin MonoManager ReloadAssembly
Native extension for WindowsStandalone target not found
Refreshing native plugins compatible for Editor in 0.84 ms, found 3 plugins.
Preloading 0 native plugins for Editor in 0.00 ms.
Mono: successfully reloaded assembly
- Completed reload, in  1.270 seconds
Domain Reload Profiling:
	ReloadAssembly (1271ms)
		BeginReloadAssembly (151ms)
			ExecutionOrderSort (0ms)
			DisableScriptedObjects (8ms)
			BackupInstance (0ms)
			ReleaseScriptingObjects (0ms)
			CreateAndSetChildDomain (43ms)
		EndReloadAssembly (1012ms)
			LoadAssemblies (134ms)
			RebuildTransferFunctionScriptingTraits (0ms)
			SetupTypeCache (334ms)
			ReleaseScriptCaches (1ms)
			RebuildScriptCaches (51ms)
			SetupLoadedEditorAssemblies (384ms)
				LogAssemblyErrors (0ms)
				InitializePlatformSupportModulesInManaged (5ms)
				SetLoadedEditorAssemblies (1ms)
				RefreshPlugins (1ms)
				BeforeProcessingInitializeOnLoad (108ms)
				ProcessInitializeOnLoadAttributes (245ms)
				ProcessInitializeOnLoadMethodAttributes (15ms)
				AfterProcessingInitializeOnLoad (10ms)
				EditorAssembliesLoaded (0ms)
			ExecutionOrderSort2 (0ms)
			AwakeInstancesAfterBackupRestoration (11ms)
Platform modules already initialized, skipping
Refreshing native plugins compatible for Editor in 0.84 ms, found 3 plugins.
Preloading 0 native plugins for Editor in 0.00 ms.
Unloading 2304 Unused Serialized files (Serialized files now loaded: 0)
System memory in use before: 99.3 MB.
System memory in use after: 99.5 MB.

Unloading 27 unused Assets to reduce memory usage. Loaded Objects now: 2768.
Total: 4.681500 ms (FindLiveObjects: 0.276600 ms CreateObjectMapping: 0.094400 ms MarkObjects: 4.275400 ms  DeleteObjects: 0.034000 ms)

AssetImportParameters requested are different than current active one (requested -> active):
  custom:framework-win-MediaFoundation: 216162199b28c13a410421893ffa2e32 -> 
  custom:video-decoder-ogg-theora: a1e56fd34408186e4bbccfd4996cb3dc -> 
  custom:container-muxer-webm: aa71ff27fc2769a1b78a27578f13a17b -> 
  custom:container-demuxer-webm: 4f35f7cbe854078d1ac9338744f61a02 -> 
  custom:container-demuxer-ogg: 62fdf1f143b41e24485cea50d1cbac27 -> 
  custom:video-encoder-webm-vp8: eb34c28f22e8b96e1ab97ce403110664 -> 
  custom:video-decoder-webm-vp8: 9c59270c3fd7afecdb556c50c9e8de78 -> 
  custom:audio-decoder-ogg-vorbis: bf7c407c2cedff20999df2af8eb42d56 -> 
  custom:audio-encoder-webm-vorbis: bf7c407c2cedff20999df2af8eb42d56 -> 
========================================================================
Received Prepare
Registering precompiled user dll's ...
Registered in 0.004356 seconds.
Begin MonoManager ReloadAssembly
Native extension for WindowsStandalone target not found
Refreshing native plugins compatible for Editor in 1.01 ms, found 3 plugins.
Preloading 0 native plugins for Editor in 0.00 ms.
Mono: successfully reloaded assembly
- Completed reload, in  1.327 seconds
Domain Reload Profiling:
	ReloadAssembly (1328ms)
		BeginReloadAssembly (176ms)
			ExecutionOrderSort (0ms)
			DisableScriptedObjects (7ms)
			BackupInstance (0ms)
			ReleaseScriptingObjects (0ms)
			CreateAndSetChildDomain (48ms)
		EndReloadAssembly (1071ms)
			LoadAssemblies (144ms)
			RebuildTransferFunctionScriptingTraits (0ms)
			SetupTypeCache (350ms)
			ReleaseScriptCaches (1ms)
			RebuildScriptCaches (53ms)
			SetupLoadedEditorAssemblies (409ms)
				LogAssemblyErrors (0ms)
				InitializePlatformSupportModulesInManaged (6ms)
				SetLoadedEditorAssemblies (1ms)
				RefreshPlugins (1ms)
				BeforeProcessingInitializeOnLoad (117ms)
				ProcessInitializeOnLoadAttributes (258ms)
				ProcessInitializeOnLoadMethodAttributes (16ms)
				AfterProcessingInitializeOnLoad (11ms)
				EditorAssembliesLoaded (0ms)
			ExecutionOrderSort2 (0ms)
			AwakeInstancesAfterBackupRestoration (12ms)
Platform modules already initialized, skipping
Refreshing native plugins compatible for Editor in 1.27 ms, found 3 plugins.
Preloading 0 native plugins for Editor in 0.00 ms.
Unloading 2304 Unused Serialized files (Serialized files now loaded: 0)
System memory in use before: 99.2 MB.
System memory in use after: 99.4 MB.

Unloading 27 unused Assets to reduce memory usage. Loaded Objects now: 2771.
Total: 5.224700 ms (FindLiveObjects: 0.291900 ms CreateObjectMapping: 0.103000 ms MarkObjects: 4.788100 ms  DeleteObjects: 0.040100 ms)

AssetImportParameters requested are different than current active one (requested -> active):
  custom:framework-win-MediaFoundation: 216162199b28c13a410421893ffa2e32 -> 
  custom:video-decoder-ogg-theora: a1e56fd34408186e4bbccfd4996cb3dc -> 
  custom:container-muxer-webm: aa71ff27fc2769a1b78a27578f13a17b -> 
  custom:container-demuxer-webm: 4f35f7cbe854078d1ac9338744f61a02 -> 
  custom:container-demuxer-ogg: 62fdf1f143b41e24485cea50d1cbac27 -> 
  custom:video-encoder-webm-vp8: eb34c28f22e8b96e1ab97ce403110664 -> 
  custom:video-decoder-webm-vp8: 9c59270c3fd7afecdb556c50c9e8de78 -> 
  custom:audio-decoder-ogg-vorbis: bf7c407c2cedff20999df2af8eb42d56 -> 
  custom:audio-encoder-webm-vorbis: bf7c407c2cedff20999df2af8eb42d56 -> 
========================================================================
Received Prepare
Registering precompiled user dll's ...
Registered in 0.004296 seconds.
Begin MonoManager ReloadAssembly
Native extension for WindowsStandalone target not found
Refreshing native plugins compatible for Editor in 0.82 ms, found 3 plugins.
Preloading 0 native plugins for Editor in 0.00 ms.
Mono: successfully reloaded assembly
- Completed reload, in  1.367 seconds
Domain Reload Profiling:
	ReloadAssembly (1368ms)
		BeginReloadAssembly (148ms)
			ExecutionOrderSort (0ms)
			DisableScriptedObjects (8ms)
			BackupInstance (0ms)
			ReleaseScriptingObjects (0ms)
			CreateAndSetChildDomain (39ms)
		EndReloadAssembly (1111ms)
			LoadAssemblies (138ms)
			RebuildTransferFunctionScriptingTraits (0ms)
			SetupTypeCache (370ms)
			ReleaseScriptCaches (2ms)
			RebuildScriptCaches (75ms)
			SetupLoadedEditorAssemblies (391ms)
				LogAssemblyErrors (0ms)
				InitializePlatformSupportModulesInManaged (6ms)
				SetLoadedEditorAssemblies (1ms)
				RefreshPlugins (1ms)
				BeforeProcessingInitializeOnLoad (110ms)
				ProcessInitializeOnLoadAttributes (250ms)
				ProcessInitializeOnLoadMethodAttributes (14ms)
				AfterProcessingInitializeOnLoad (10ms)
				EditorAssembliesLoaded (0ms)
			ExecutionOrderSort2 (0ms)
			AwakeInstancesAfterBackupRestoration (11ms)
Platform modules already initialized, skipping
Refreshing native plugins compatible for Editor in 2.02 ms, found 3 plugins.
Preloading 0 native plugins for Editor in 0.00 ms.
Unloading 2304 Unused Serialized files (Serialized files now loaded: 0)
System memory in use before: 99.3 MB.
System memory in use after: 99.5 MB.

Unloading 27 unused Assets to reduce memory usage. Loaded Objects now: 2774.
Total: 6.616400 ms (FindLiveObjects: 0.386700 ms CreateObjectMapping: 0.199800 ms MarkObjects: 5.975600 ms  DeleteObjects: 0.051600 ms)

AssetImportParameters requested are different than current active one (requested -> active):
  custom:framework-win-MediaFoundation: 216162199b28c13a410421893ffa2e32 -> 
  custom:video-decoder-ogg-theora: a1e56fd34408186e4bbccfd4996cb3dc -> 
  custom:container-muxer-webm: aa71ff27fc2769a1b78a27578f13a17b -> 
  custom:container-demuxer-webm: 4f35f7cbe854078d1ac9338744f61a02 -> 
  custom:container-demuxer-ogg: 62fdf1f143b41e24485cea50d1cbac27 -> 
  custom:video-encoder-webm-vp8: eb34c28f22e8b96e1ab97ce403110664 -> 
  custom:video-decoder-webm-vp8: 9c59270c3fd7afecdb556c50c9e8de78 -> 
  custom:audio-decoder-ogg-vorbis: bf7c407c2cedff20999df2af8eb42d56 -> 
  custom:audio-encoder-webm-vorbis: bf7c407c2cedff20999df2af8eb42d56 -> 
========================================================================
Received Prepare
Registering precompiled user dll's ...
Registered in 0.004459 seconds.
Begin MonoManager ReloadAssembly
Native extension for WindowsStandalone target not found
Refreshing native plugins compatible for Editor in 0.79 ms, found 3 plugins.
Preloading 0 native plugins for Editor in 0.00 ms.
Mono: successfully reloaded assembly
- Completed reload, in  1.319 seconds
Domain Reload Profiling:
	ReloadAssembly (1320ms)
		BeginReloadAssembly (144ms)
			ExecutionOrderSort (0ms)
			DisableScriptedObjects (8ms)
			BackupInstance (0ms)
			ReleaseScriptingObjects (0ms)
			CreateAndSetChildDomain (40ms)
		EndReloadAssembly (1091ms)
			LoadAssemblies (130ms)
			RebuildTransferFunctionScriptingTraits (0ms)
			SetupTypeCache (366ms)
			ReleaseScriptCaches (1ms)
			RebuildScriptCaches (58ms)
			SetupLoadedEditorAssemblies (416ms)
				LogAssemblyErrors (0ms)
				InitializePlatformSupportModulesInManaged (6ms)
				SetLoadedEditorAssemblies (1ms)
				RefreshPlugins (1ms)
				BeforeProcessingInitializeOnLoad (130ms)
				ProcessInitializeOnLoadAttributes (253ms)
				ProcessInitializeOnLoadMethodAttributes (15ms)
				AfterProcessingInitializeOnLoad (11ms)
				EditorAssembliesLoaded (0ms)
			ExecutionOrderSort2 (0ms)
			AwakeInstancesAfterBackupRestoration (11ms)
Platform modules already initialized, skipping
Refreshing native plugins compatible for Editor in 0.90 ms, found 3 plugins.
Preloading 0 native plugins for Editor in 0.00 ms.
Unloading 2304 Unused Serialized files (Serialized files now loaded: 0)
System memory in use before: 99.3 MB.
System memory in use after: 99.5 MB.

Unloading 27 unused Assets to reduce memory usage. Loaded Objects now: 2777.
Total: 3.988200 ms (FindLiveObjects: 0.250400 ms CreateObjectMapping: 0.067400 ms MarkObjects: 3.639200 ms  DeleteObjects: 0.029900 ms)

AssetImportParameters requested are different than current active one (requested -> active):
  custom:framework-win-MediaFoundation: 216162199b28c13a410421893ffa2e32 -> 
  custom:video-decoder-ogg-theora: a1e56fd34408186e4bbccfd4996cb3dc -> 
  custom:container-muxer-webm: aa71ff27fc2769a1b78a27578f13a17b -> 
  custom:container-demuxer-webm: 4f35f7cbe854078d1ac9338744f61a02 -> 
  custom:container-demuxer-ogg: 62fdf1f143b41e24485cea50d1cbac27 -> 
  custom:video-encoder-webm-vp8: eb34c28f22e8b96e1ab97ce403110664 -> 
  custom:video-decoder-webm-vp8: 9c59270c3fd7afecdb556c50c9e8de78 -> 
  custom:audio-decoder-ogg-vorbis: bf7c407c2cedff20999df2af8eb42d56 -> 
  custom:audio-encoder-webm-vorbis: bf7c407c2cedff20999df2af8eb42d56 -> 
========================================================================
Received Prepare
Registering precompiled user dll's ...
Registered in 0.005039 seconds.
Begin MonoManager ReloadAssembly
Native extension for WindowsStandalone target not found
Refreshing native plugins compatible for Editor in 1.09 ms, found 3 plugins.
Preloading 0 native plugins for Editor in 0.00 ms.
Mono: successfully reloaded assembly
- Completed reload, in  1.538 seconds
Domain Reload Profiling:
	ReloadAssembly (1539ms)
		BeginReloadAssembly (166ms)
			ExecutionOrderSort (0ms)
			DisableScriptedObjects (10ms)
			BackupInstance (0ms)
			ReleaseScriptingObjects (0ms)
			CreateAndSetChildDomain (47ms)
		EndReloadAssembly (1263ms)
			LoadAssemblies (155ms)
			RebuildTransferFunctionScriptingTraits (0ms)
			SetupTypeCache (424ms)
			ReleaseScriptCaches (2ms)
			RebuildScriptCaches (63ms)
			SetupLoadedEditorAssemblies (490ms)
				LogAssemblyErrors (0ms)
				InitializePlatformSupportModulesInManaged (8ms)
				SetLoadedEditorAssemblies (1ms)
				RefreshPlugins (1ms)
				BeforeProcessingInitializeOnLoad (151ms)
				ProcessInitializeOnLoadAttributes (298ms)
				ProcessInitializeOnLoadMethodAttributes (20ms)
				AfterProcessingInitializeOnLoad (11ms)
				EditorAssembliesLoaded (0ms)
			ExecutionOrderSort2 (0ms)
			AwakeInstancesAfterBackupRestoration (14ms)
Platform modules already initialized, skipping
Refreshing native plugins compatible for Editor in 1.28 ms, found 3 plugins.
Preloading 0 native plugins for Editor in 0.00 ms.
Unloading 2304 Unused Serialized files (Serialized files now loaded: 0)
System memory in use before: 99.3 MB.
System memory in use after: 99.5 MB.

Unloading 27 unused Assets to reduce memory usage. Loaded Objects now: 2780.
Total: 5.440800 ms (FindLiveObjects: 0.431400 ms CreateObjectMapping: 0.128200 ms MarkObjects: 4.835100 ms  DeleteObjects: 0.043400 ms)

AssetImportParameters requested are different than current active one (requested -> active):
  custom:framework-win-MediaFoundation: 216162199b28c13a410421893ffa2e32 -> 
  custom:video-decoder-ogg-theora: a1e56fd34408186e4bbccfd4996cb3dc -> 
  custom:container-muxer-webm: aa71ff27fc2769a1b78a27578f13a17b -> 
  custom:container-demuxer-webm: 4f35f7cbe854078d1ac9338744f61a02 -> 
  custom:container-demuxer-ogg: 62fdf1f143b41e24485cea50d1cbac27 -> 
  custom:video-encoder-webm-vp8: eb34c28f22e8b96e1ab97ce403110664 -> 
  custom:video-decoder-webm-vp8: 9c59270c3fd7afecdb556c50c9e8de78 -> 
  custom:audio-decoder-ogg-vorbis: bf7c407c2cedff20999df2af8eb42d56 -> 
  custom:audio-encoder-webm-vorbis: bf7c407c2cedff20999df2af8eb42d56 -> 
========================================================================
Received Prepare
Registering precompiled user dll's ...
Registered in 0.004372 seconds.
Begin MonoManager ReloadAssembly
Native extension for WindowsStandalone target not found
Refreshing native plugins compatible for Editor in 0.81 ms, found 3 plugins.
Preloading 0 native plugins for Editor in 0.00 ms.
Mono: successfully reloaded assembly
- Completed reload, in  1.400 seconds
Domain Reload Profiling:
	ReloadAssembly (1401ms)
		BeginReloadAssembly (148ms)
			ExecutionOrderSort (0ms)
			DisableScriptedObjects (9ms)
			BackupInstance (0ms)
			ReleaseScriptingObjects (0ms)
			CreateAndSetChildDomain (42ms)
		EndReloadAssembly (1159ms)
			LoadAssemblies (130ms)
			RebuildTransferFunctionScriptingTraits (0ms)
			SetupTypeCache (360ms)
			ReleaseScriptCaches (2ms)
			RebuildScriptCaches (78ms)
			SetupLoadedEditorAssemblies (433ms)
				LogAssemblyErrors (0ms)
				InitializePlatformSupportModulesInManaged (6ms)
				SetLoadedEditorAssemblies (1ms)
				RefreshPlugins (1ms)
				BeforeProcessingInitializeOnLoad (134ms)
				ProcessInitializeOnLoadAttributes (261ms)
				ProcessInitializeOnLoadMethodAttributes (16ms)
				AfterProcessingInitializeOnLoad (15ms)
				EditorAssembliesLoaded (0ms)
			ExecutionOrderSort2 (0ms)
			AwakeInstancesAfterBackupRestoration (15ms)
Platform modules already initialized, skipping
Refreshing native plugins compatible for Editor in 1.27 ms, found 3 plugins.
Preloading 0 native plugins for Editor in 0.00 ms.
Unloading 2304 Unused Serialized files (Serialized files now loaded: 0)
System memory in use before: 99.3 MB.
System memory in use after: 99.5 MB.

Unloading 27 unused Assets to reduce memory usage. Loaded Objects now: 2783.
Total: 6.084400 ms (FindLiveObjects: 0.352900 ms CreateObjectMapping: 0.130800 ms MarkObjects: 5.556000 ms  DeleteObjects: 0.042500 ms)

AssetImportParameters requested are different than current active one (requested -> active):
  custom:framework-win-MediaFoundation: 216162199b28c13a410421893ffa2e32 -> 
  custom:video-decoder-ogg-theora: a1e56fd34408186e4bbccfd4996cb3dc -> 
  custom:container-muxer-webm: aa71ff27fc2769a1b78a27578f13a17b -> 
  custom:container-demuxer-webm: 4f35f7cbe854078d1ac9338744f61a02 -> 
  custom:container-demuxer-ogg: 62fdf1f143b41e24485cea50d1cbac27 -> 
  custom:video-encoder-webm-vp8: eb34c28f22e8b96e1ab97ce403110664 -> 
  custom:video-decoder-webm-vp8: 9c59270c3fd7afecdb556c50c9e8de78 -> 
  custom:audio-decoder-ogg-vorbis: bf7c407c2cedff20999df2af8eb42d56 -> 
  custom:audio-encoder-webm-vorbis: bf7c407c2cedff20999df2af8eb42d56 -> 
========================================================================
Received Prepare
Registering precompiled user dll's ...
Registered in 0.004481 seconds.
Begin MonoManager ReloadAssembly
Native extension for WindowsStandalone target not found
Refreshing native plugins compatible for Editor in 1.11 ms, found 3 plugins.
Preloading 0 native plugins for Editor in 0.00 ms.
Mono: successfully reloaded assembly
- Completed reload, in  1.340 seconds
Domain Reload Profiling:
	ReloadAssembly (1340ms)
		BeginReloadAssembly (147ms)
			ExecutionOrderSort (0ms)
			DisableScriptedObjects (7ms)
			BackupInstance (0ms)
			ReleaseScriptingObjects (0ms)
			CreateAndSetChildDomain (43ms)
		EndReloadAssembly (1110ms)
			LoadAssemblies (124ms)
			RebuildTransferFunctionScriptingTraits (0ms)
			SetupTypeCache (336ms)
			ReleaseScriptCaches (1ms)
			RebuildScriptCaches (48ms)
			SetupLoadedEditorAssemblies (462ms)
				LogAssemblyErrors (0ms)
				InitializePlatformSupportModulesInManaged (7ms)
				SetLoadedEditorAssemblies (1ms)
				RefreshPlugins (1ms)
				BeforeProcessingInitializeOnLoad (125ms)
				ProcessInitializeOnLoadAttributes (299ms)
				ProcessInitializeOnLoadMethodAttributes (17ms)
				AfterProcessingInitializeOnLoad (13ms)
				EditorAssembliesLoaded (0ms)
			ExecutionOrderSort2 (0ms)
			AwakeInstancesAfterBackupRestoration (13ms)
Platform modules already initialized, skipping
Refreshing native plugins compatible for Editor in 1.33 ms, found 3 plugins.
Preloading 0 native plugins for Editor in 0.00 ms.
Unloading 2304 Unused Serialized files (Serialized files now loaded: 0)
System memory in use before: 99.2 MB.
System memory in use after: 99.4 MB.

Unloading 27 unused Assets to reduce memory usage. Loaded Objects now: 2786.
Total: 4.414800 ms (FindLiveObjects: 0.260300 ms CreateObjectMapping: 0.075400 ms MarkObjects: 4.039600 ms  DeleteObjects: 0.037900 ms)

AssetImportParameters requested are different than current active one (requested -> active):
  custom:framework-win-MediaFoundation: 216162199b28c13a410421893ffa2e32 -> 
  custom:video-decoder-ogg-theora: a1e56fd34408186e4bbccfd4996cb3dc -> 
  custom:container-muxer-webm: aa71ff27fc2769a1b78a27578f13a17b -> 
  custom:container-demuxer-webm: 4f35f7cbe854078d1ac9338744f61a02 -> 
  custom:container-demuxer-ogg: 62fdf1f143b41e24485cea50d1cbac27 -> 
  custom:video-encoder-webm-vp8: eb34c28f22e8b96e1ab97ce403110664 -> 
  custom:video-decoder-webm-vp8: 9c59270c3fd7afecdb556c50c9e8de78 -> 
  custom:audio-decoder-ogg-vorbis: bf7c407c2cedff20999df2af8eb42d56 -> 
  custom:audio-encoder-webm-vorbis: bf7c407c2cedff20999df2af8eb42d56 -> 
========================================================================
Received Import Request.
  Time since last request: 560.685291 seconds.
  path: Assets/KrishnaPalacio/MINIFANTASY Forgotten Plains - Super Low Res 2D Pixel Art by Krishna Palacio/Tile Palettes/Standard Tiles/Cliffs/Cliff1_Minifantasy_ForgottenPlainsTiles_192.asset
  artifactKey: Guid(75ee8c8c44c6c0e419f5df30e94cbd3a) Importer(815301076,1909f56bfc062723c751e8b465ee728b)
Start importing Assets/KrishnaPalacio/MINIFANTASY Forgotten Plains - Super Low Res 2D Pixel Art by Krishna Palacio/Tile Palettes/Standard Tiles/Cliffs/Cliff1_Minifantasy_ForgottenPlainsTiles_192.asset using Guid(75ee8c8c44c6c0e419f5df30e94cbd3a) Importer(815301076,1909f56bfc062723c751e8b465ee728b)  -> (artifact id: 'f918407695b671a55fdcf46c07ecc766') in 0.119826 seconds 
========================================================================
Received Import Request.
  Time since last request: 0.000360 seconds.
  path: Assets/KrishnaPalacio/MINIFANTASY Forgotten Plains - Super Low Res 2D Pixel Art by Krishna Palacio/Tile Palettes/Standard Tiles/Cliffs/Cliff17_Minifantasy_ForgottenPlainsTiles_287.asset
  artifactKey: Guid(6e54c54bd25192441a47f389723498b0) Importer(815301076,1909f56bfc062723c751e8b465ee728b)
Start importing Assets/KrishnaPalacio/MINIFANTASY Forgotten Plains - Super Low Res 2D Pixel Art by Krishna Palacio/Tile Palettes/Standard Tiles/Cliffs/Cliff17_Minifantasy_ForgottenPlainsTiles_287.asset using Guid(6e54c54bd25192441a47f389723498b0) Importer(815301076,1909f56bfc062723c751e8b465ee728b)  -> (artifact id: '25cd21b31860f9d7e952392691048473') in 0.030870 seconds 
========================================================================
Received Import Request.
  Time since last request: 0.001899 seconds.
  path: Assets/KrishnaPalacio/MINIFANTASY Forgotten Plains - Super Low Res 2D Pixel Art by Krishna Palacio/Tile Palettes/Standard Tiles/Cliffs/Cliff22_Minifantasy_ForgottenPlainsTiles_340.asset
  artifactKey: Guid(2bc6c807b8e2db04abbdeae244fc3f10) Importer(815301076,1909f56bfc062723c751e8b465ee728b)
Start importing Assets/KrishnaPalacio/MINIFANTASY Forgotten Plains - Super Low Res 2D Pixel Art by Krishna Palacio/Tile Palettes/Standard Tiles/Cliffs/Cliff22_Minifantasy_ForgottenPlainsTiles_340.asset using Guid(2bc6c807b8e2db04abbdeae244fc3f10) Importer(815301076,1909f56bfc062723c751e8b465ee728b)  -> (artifact id: '3864c292ffafa7105f2f59bed74985b3') in 0.019447 seconds 
========================================================================
Received Import Request.
  Time since last request: 0.000264 seconds.
  path: Assets/KrishnaPalacio/MINIFANTASY Forgotten Plains - Super Low Res 2D Pixel Art by Krishna Palacio/Tile Palettes/Standard Tiles/Cliffs/Cliff3_Minifantasy_ForgottenPlainsTiles_194.asset
  artifactKey: Guid(9342ada1d79d48447803ddd9fed453d5) Importer(815301076,1909f56bfc062723c751e8b465ee728b)
Start importing Assets/KrishnaPalacio/MINIFANTASY Forgotten Plains - Super Low Res 2D Pixel Art by Krishna Palacio/Tile Palettes/Standard Tiles/Cliffs/Cliff3_Minifantasy_ForgottenPlainsTiles_194.asset using Guid(9342ada1d79d48447803ddd9fed453d5) Importer(815301076,1909f56bfc062723c751e8b465ee728b)  -> (artifact id: '12f0b13210d187780e30f2d7c4817b57') in 0.020496 seconds 
========================================================================
Received Import Request.
  Time since last request: 0.000225 seconds.
  path: Assets/KrishnaPalacio/MINIFANTASY Forgotten Plains - Super Low Res 2D Pixel Art by Krishna Palacio/Tile Palettes/Standard Tiles/Cliffs/Cliff15_Minifantasy_ForgottenPlainsTiles_395.asset
  artifactKey: Guid(efd14fd1c484b2743945cb826a111095) Importer(815301076,1909f56bfc062723c751e8b465ee728b)
Start importing Assets/KrishnaPalacio/MINIFANTASY Forgotten Plains - Super Low Res 2D Pixel Art by Krishna Palacio/Tile Palettes/Standard Tiles/Cliffs/Cliff15_Minifantasy_ForgottenPlainsTiles_395.asset using Guid(efd14fd1c484b2743945cb826a111095) Importer(815301076,1909f56bfc062723c751e8b465ee728b)  -> (artifact id: 'a8f757f95dc64f321c7b83d04c23e17d') in 0.017474 seconds 
========================================================================
Received Import Request.
  Time since last request: 0.000216 seconds.
  path: Assets/KrishnaPalacio/MINIFANTASY Forgotten Plains - Super Low Res 2D Pixel Art by Krishna Palacio/Tile Palettes/Standard Tiles/Cliffs/Cliff8_Minifantasy_ForgottenPlainsTiles_289.asset
  artifactKey: Guid(46537d0fe6c9cb248916fac750d414bd) Importer(815301076,1909f56bfc062723c751e8b465ee728b)
Start importing Assets/KrishnaPalacio/MINIFANTASY Forgotten Plains - Super Low Res 2D Pixel Art by Krishna Palacio/Tile Palettes/Standard Tiles/Cliffs/Cliff8_Minifantasy_ForgottenPlainsTiles_289.asset using Guid(46537d0fe6c9cb248916fac750d414bd) Importer(815301076,1909f56bfc062723c751e8b465ee728b)  -> (artifact id: '4a1928be22ed62751609917362f794d2') in 0.019790 seconds 
========================================================================
Received Import Request.
  Time since last request: 0.000249 seconds.
  path: Assets/KrishnaPalacio/MINIFANTASY Forgotten Plains - Super Low Res 2D Pixel Art by Krishna Palacio/Tile Palettes/Standard Tiles/Cliffs/Cliff24_Minifantasy_ForgottenPlainsTiles_391.asset
  artifactKey: Guid(d070bc0e87613654692114ba0d4e823f) Importer(815301076,1909f56bfc062723c751e8b465ee728b)
Start importing Assets/KrishnaPalacio/MINIFANTASY Forgotten Plains - Super Low Res 2D Pixel Art by Krishna Palacio/Tile Palettes/Standard Tiles/Cliffs/Cliff24_Minifantasy_ForgottenPlainsTiles_391.asset using Guid(d070bc0e87613654692114ba0d4e823f) Importer(815301076,1909f56bfc062723c751e8b465ee728b)  -> (artifact id: '8333d3b3065be2073713262c75b64bb6') in 0.022975 seconds 
========================================================================
Received Import Request.
  Time since last request: 0.000382 seconds.
  path: Assets/KrishnaPalacio/MINIFANTASY Forgotten Plains - Super Low Res 2D Pixel Art by Krishna Palacio/Tile Palettes/Standard Tiles/Cliffs/Cliff18_Minifantasy_ForgottenPlainsTiles_337.asset
  artifactKey: Guid(c45f2c5a271c9e44c96d07055822d23d) Importer(815301076,1909f56bfc062723c751e8b465ee728b)
Start importing Assets/KrishnaPalacio/MINIFANTASY Forgotten Plains - Super Low Res 2D Pixel Art by Krishna Palacio/Tile Palettes/Standard Tiles/Cliffs/Cliff18_Minifantasy_ForgottenPlainsTiles_337.asset using Guid(c45f2c5a271c9e44c96d07055822d23d) Importer(815301076,1909f56bfc062723c751e8b465ee728b)  -> (artifact id: '574df216eef07cd83942880aac42bb12') in 0.021167 seconds 
========================================================================
Received Import Request.
  Time since last request: 0.000327 seconds.
  path: Assets/KrishnaPalacio/MINIFANTASY Forgotten Plains - Super Low Res 2D Pixel Art by Krishna Palacio/Tile Palettes/Standard Tiles/Cliffs/Cliff9_Minifantasy_ForgottenPlainsTiles_290.asset
  artifactKey: Guid(c932ebcff367b994b85bb6c079db2a0a) Importer(815301076,1909f56bfc062723c751e8b465ee728b)
Start importing Assets/KrishnaPalacio/MINIFANTASY Forgotten Plains - Super Low Res 2D Pixel Art by Krishna Palacio/Tile Palettes/Standard Tiles/Cliffs/Cliff9_Minifantasy_ForgottenPlainsTiles_290.asset using Guid(c932ebcff367b994b85bb6c079db2a0a) Importer(815301076,1909f56bfc062723c751e8b465ee728b)  -> (artifact id: '409757a7be38acbeb5a523ddc3363b86') in 0.019513 seconds 
========================================================================
Received Import Request.
  Time since last request: 0.000357 seconds.
  path: Assets/KrishnaPalacio/MINIFANTASY Forgotten Plains - Super Low Res 2D Pixel Art by Krishna Palacio/Tile Palettes/Standard Tiles/Cliffs/Cliff29_Minifantasy_ForgottenPlainsTiles_521.asset
  artifactKey: Guid(d984d06781acdb742ba035c552473bdf) Importer(815301076,1909f56bfc062723c751e8b465ee728b)
Start importing Assets/KrishnaPalacio/MINIFANTASY Forgotten Plains - Super Low Res 2D Pixel Art by Krishna Palacio/Tile Palettes/Standard Tiles/Cliffs/Cliff29_Minifantasy_ForgottenPlainsTiles_521.asset using Guid(d984d06781acdb742ba035c552473bdf) Importer(815301076,1909f56bfc062723c751e8b465ee728b)  -> (artifact id: 'b89095aa5a8e047f27a2c3ca71008c79') in 0.019270 seconds 
========================================================================
Received Import Request.
  Time since last request: 0.000305 seconds.
  path: Assets/KrishnaPalacio/MINIFANTASY Forgotten Plains - Super Low Res 2D Pixel Art by Krishna Palacio/Tile Palettes/Standard Tiles/Cliffs/Cliff23_Minifantasy_ForgottenPlainsTiles_392.asset
  artifactKey: Guid(9361ac32a9f78fd48acaffae41206f16) Importer(815301076,1909f56bfc062723c751e8b465ee728b)
Start importing Assets/KrishnaPalacio/MINIFANTASY Forgotten Plains - Super Low Res 2D Pixel Art by Krishna Palacio/Tile Palettes/Standard Tiles/Cliffs/Cliff23_Minifantasy_ForgottenPlainsTiles_392.asset using Guid(9361ac32a9f78fd48acaffae41206f16) Importer(815301076,1909f56bfc062723c751e8b465ee728b)  -> (artifact id: '7ebaa3f4e9c52f05fc8809eb81dbab9e') in 0.019700 seconds 
========================================================================
Received Import Request.
  Time since last request: 0.000489 seconds.
  path: Assets/KrishnaPalacio/MINIFANTASY Forgotten Plains - Super Low Res 2D Pixel Art by Krishna Palacio/Tile Palettes/Standard Tiles/Cliffs/Cliff11_Minifantasy_ForgottenPlainsTiles_342.asset
  artifactKey: Guid(bbf263d231ae8cd46aa1375d87149c78) Importer(815301076,1909f56bfc062723c751e8b465ee728b)
Start importing Assets/KrishnaPalacio/MINIFANTASY Forgotten Plains - Super Low Res 2D Pixel Art by Krishna Palacio/Tile Palettes/Standard Tiles/Cliffs/Cliff11_Minifantasy_ForgottenPlainsTiles_342.asset using Guid(bbf263d231ae8cd46aa1375d87149c78) Importer(815301076,1909f56bfc062723c751e8b465ee728b)  -> (artifact id: '2b6bae9a59180ca285d0d8e53012e054') in 0.020274 seconds 
========================================================================
Received Import Request.
  Time since last request: 0.000342 seconds.
  path: Assets/KrishnaPalacio/MINIFANTASY Forgotten Plains - Super Low Res 2D Pixel Art by Krishna Palacio/Tile Palettes/Standard Tiles/Cliffs/Cliff14_Minifantasy_ForgottenPlainsTiles_394.asset
  artifactKey: Guid(3901207f7c0f80a4abeacc75ddbaa1dd) Importer(815301076,1909f56bfc062723c751e8b465ee728b)
Start importing Assets/KrishnaPalacio/MINIFANTASY Forgotten Plains - Super Low Res 2D Pixel Art by Krishna Palacio/Tile Palettes/Standard Tiles/Cliffs/Cliff14_Minifantasy_ForgottenPlainsTiles_394.asset using Guid(3901207f7c0f80a4abeacc75ddbaa1dd) Importer(815301076,1909f56bfc062723c751e8b465ee728b)  -> (artifact id: 'b40db3c03b4a5581dfdfb4d0df19176e') in 0.019697 seconds 
========================================================================
Received Import Request.
  Time since last request: 0.000234 seconds.
  path: Assets/KrishnaPalacio/MINIFANTASY Forgotten Plains - Super Low Res 2D Pixel Art by Krishna Palacio/Tile Palettes/Standard Tiles/Cliffs/Cliff2_Minifantasy_ForgottenPlainsTiles_193.asset
  artifactKey: Guid(2fe157c0011b8ad42b1dfa9b141b13a4) Importer(815301076,1909f56bfc062723c751e8b465ee728b)
Start importing Assets/KrishnaPalacio/MINIFANTASY Forgotten Plains - Super Low Res 2D Pixel Art by Krishna Palacio/Tile Palettes/Standard Tiles/Cliffs/Cliff2_Minifantasy_ForgottenPlainsTiles_193.asset using Guid(2fe157c0011b8ad42b1dfa9b141b13a4) Importer(815301076,1909f56bfc062723c751e8b465ee728b)  -> (artifact id: 'ee18b1160ee1d6666b98c8db4151bccc') in 0.018200 seconds 
========================================================================
Received Import Request.
  Time since last request: 0.000229 seconds.
  path: Assets/KrishnaPalacio/MINIFANTASY Forgotten Plains - Super Low Res 2D Pixel Art by Krishna Palacio/Tile Palettes/Standard Tiles/Cliffs/Cliff28_Minifantasy_ForgottenPlainsTiles_520.asset
  artifactKey: Guid(eaa30e20bb002e041881b4474f10b9c1) Importer(815301076,1909f56bfc062723c751e8b465ee728b)
Start importing Assets/KrishnaPalacio/MINIFANTASY Forgotten Plains - Super Low Res 2D Pixel Art by Krishna Palacio/Tile Palettes/Standard Tiles/Cliffs/Cliff28_Minifantasy_ForgottenPlainsTiles_520.asset using Guid(eaa30e20bb002e041881b4474f10b9c1) Importer(815301076,1909f56bfc062723c751e8b465ee728b)  -> (artifact id: '851755e5fe4c6061cf842f8602971aaa') in 0.021669 seconds 
========================================================================
Received Import Request.
  Time since last request: 0.000234 seconds.
  path: Assets/KrishnaPalacio/MINIFANTASY Forgotten Plains - Super Low Res 2D Pixel Art by Krishna Palacio/Tile Palettes/Standard Tiles/Cliffs/Cliff27_Minifantasy_ForgottenPlainsTiles_519.asset
  artifactKey: Guid(c51c4903717ba9e4d9b0dbfde4be03c4) Importer(815301076,1909f56bfc062723c751e8b465ee728b)
Start importing Assets/KrishnaPalacio/MINIFANTASY Forgotten Plains - Super Low Res 2D Pixel Art by Krishna Palacio/Tile Palettes/Standard Tiles/Cliffs/Cliff27_Minifantasy_ForgottenPlainsTiles_519.asset using Guid(c51c4903717ba9e4d9b0dbfde4be03c4) Importer(815301076,1909f56bfc062723c751e8b465ee728b)  -> (artifact id: '838a51e3fb29d1f78d477e0780945dfd') in 0.020883 seconds 
========================================================================
Received Import Request.
  Time since last request: 0.000211 seconds.
  path: Assets/KrishnaPalacio/MINIFANTASY Forgotten Plains - Super Low Res 2D Pixel Art by Krishna Palacio/Tile Palettes/Standard Tiles/Cliffs/Cliff20_Minifantasy_ForgottenPlainsTiles_338.asset
  artifactKey: Guid(3c1f6992f57df844bbd37a5d5ff77a6e) Importer(815301076,1909f56bfc062723c751e8b465ee728b)
Start importing Assets/KrishnaPalacio/MINIFANTASY Forgotten Plains - Super Low Res 2D Pixel Art by Krishna Palacio/Tile Palettes/Standard Tiles/Cliffs/Cliff20_Minifantasy_ForgottenPlainsTiles_338.asset using Guid(3c1f6992f57df844bbd37a5d5ff77a6e) Importer(815301076,1909f56bfc062723c751e8b465ee728b)  -> (artifact id: '34acc5c918ede224514c3d6ee9856fff') in 0.019266 seconds 
========================================================================
Received Import Request.
  Time since last request: 0.000258 seconds.
  path: Assets/KrishnaPalacio/MINIFANTASY Forgotten Plains - Super Low Res 2D Pixel Art by Krishna Palacio/Tile Palettes/Standard Tiles/Cliffs/Cliff26_Minifantasy_ForgottenPlainsTiles_454.asset
  artifactKey: Guid(fb74a38aed90c6744b4ff0f05990a2c7) Importer(815301076,1909f56bfc062723c751e8b465ee728b)
Start importing Assets/KrishnaPalacio/MINIFANTASY Forgotten Plains - Super Low Res 2D Pixel Art by Krishna Palacio/Tile Palettes/Standard Tiles/Cliffs/Cliff26_Minifantasy_ForgottenPlainsTiles_454.asset using Guid(fb74a38aed90c6744b4ff0f05990a2c7) Importer(815301076,1909f56bfc062723c751e8b465ee728b)  -> (artifact id: '2e4b336f70bf6813a463209946effa92') in 0.019549 seconds 
========================================================================
Received Import Request.
  Time since last request: 0.000231 seconds.
  path: Assets/KrishnaPalacio/MINIFANTASY Forgotten Plains - Super Low Res 2D Pixel Art by Krishna Palacio/Tile Palettes/Standard Tiles/Cliffs/Cliff21_Minifantasy_ForgottenPlainsTiles_339.asset
  artifactKey: Guid(588c6c583284ba9498bb2e966a531748) Importer(815301076,1909f56bfc062723c751e8b465ee728b)
Start importing Assets/KrishnaPalacio/MINIFANTASY Forgotten Plains - Super Low Res 2D Pixel Art by Krishna Palacio/Tile Palettes/Standard Tiles/Cliffs/Cliff21_Minifantasy_ForgottenPlainsTiles_339.asset using Guid(588c6c583284ba9498bb2e966a531748) Importer(815301076,1909f56bfc062723c751e8b465ee728b)  -> (artifact id: 'fde209e097ca045b119d8ca2d8423525') in 0.022125 seconds 
========================================================================
Received Import Request.
  Time since last request: 0.000239 seconds.
  path: Assets/KrishnaPalacio/MINIFANTASY Forgotten Plains - Super Low Res 2D Pixel Art by Krishna Palacio/Tile Palettes/Standard Tiles/Cliffs/Cliff4_Minifantasy_ForgottenPlainsTiles_238.asset
  artifactKey: Guid(ee170bc026c37af4ca5c2b84701ab2b2) Importer(815301076,1909f56bfc062723c751e8b465ee728b)
Start importing Assets/KrishnaPalacio/MINIFANTASY Forgotten Plains - Super Low Res 2D Pixel Art by Krishna Palacio/Tile Palettes/Standard Tiles/Cliffs/Cliff4_Minifantasy_ForgottenPlainsTiles_238.asset using Guid(ee170bc026c37af4ca5c2b84701ab2b2) Importer(815301076,1909f56bfc062723c751e8b465ee728b)  -> (artifact id: 'd8aeadf041d391ddbec83153b23effc7') in 0.018306 seconds 
========================================================================
Received Import Request.
  Time since last request: 0.000256 seconds.
  path: Assets/KrishnaPalacio/MINIFANTASY Forgotten Plains - Super Low Res 2D Pixel Art by Krishna Palacio/Tile Palettes/Standard Tiles/Cliffs/Cliff7_Minifantasy_ForgottenPlainsTiles_288.asset
  artifactKey: Guid(95bfbf703875d1f4a83014c889ca0a87) Importer(815301076,1909f56bfc062723c751e8b465ee728b)
Start importing Assets/KrishnaPalacio/MINIFANTASY Forgotten Plains - Super Low Res 2D Pixel Art by Krishna Palacio/Tile Palettes/Standard Tiles/Cliffs/Cliff7_Minifantasy_ForgottenPlainsTiles_288.asset using Guid(95bfbf703875d1f4a83014c889ca0a87) Importer(815301076,1909f56bfc062723c751e8b465ee728b)  -> (artifact id: 'e6855610b020cc1b9f2094420bf16fae') in 0.017930 seconds 
========================================================================
Received Import Request.
  Time since last request: 0.000270 seconds.
  path: Assets/KrishnaPalacio/MINIFANTASY Forgotten Plains - Super Low Res 2D Pixel Art by Krishna Palacio/Tile Palettes/Standard Tiles/Cliffs/Cliff10_Minifantasy_ForgottenPlainsTiles_341.asset
  artifactKey: Guid(e144d041beeb3514cb2ec443ecc450e0) Importer(815301076,1909f56bfc062723c751e8b465ee728b)
Start importing Assets/KrishnaPalacio/MINIFANTASY Forgotten Plains - Super Low Res 2D Pixel Art by Krishna Palacio/Tile Palettes/Standard Tiles/Cliffs/Cliff10_Minifantasy_ForgottenPlainsTiles_341.asset using Guid(e144d041beeb3514cb2ec443ecc450e0) Importer(815301076,1909f56bfc062723c751e8b465ee728b)  -> (artifact id: '2c46ee80498e50fe7cd7ed4dee3ee8c4') in 0.017767 seconds 
========================================================================
Received Import Request.
  Time since last request: 0.000265 seconds.
  path: Assets/KrishnaPalacio/MINIFANTASY Forgotten Plains - Super Low Res 2D Pixel Art by Krishna Palacio/Tile Palettes/Standard Tiles/Cliffs/Cliff12_Minifantasy_ForgottenPlainsTiles_343.asset
  artifactKey: Guid(6415c10e390fe3242963ec96553e0921) Importer(815301076,1909f56bfc062723c751e8b465ee728b)
Start importing Assets/KrishnaPalacio/MINIFANTASY Forgotten Plains - Super Low Res 2D Pixel Art by Krishna Palacio/Tile Palettes/Standard Tiles/Cliffs/Cliff12_Minifantasy_ForgottenPlainsTiles_343.asset using Guid(6415c10e390fe3242963ec96553e0921) Importer(815301076,1909f56bfc062723c751e8b465ee728b)  -> (artifact id: 'cc93870fa197d7ebb261ad5b4336c5f4') in 0.017165 seconds 
========================================================================
Received Import Request.
  Time since last request: 0.000361 seconds.
  path: Assets/KrishnaPalacio/MINIFANTASY Forgotten Plains - Super Low Res 2D Pixel Art by Krishna Palacio/Tile Palettes/Standard Tiles/Cliffs/Cliff16_Minifantasy_ForgottenPlainsTiles_237.asset
  artifactKey: Guid(409b553cfe3e42c42844ef6b14da12b7) Importer(815301076,1909f56bfc062723c751e8b465ee728b)
Start importing Assets/KrishnaPalacio/MINIFANTASY Forgotten Plains - Super Low Res 2D Pixel Art by Krishna Palacio/Tile Palettes/Standard Tiles/Cliffs/Cliff16_Minifantasy_ForgottenPlainsTiles_237.asset using Guid(409b553cfe3e42c42844ef6b14da12b7) Importer(815301076,1909f56bfc062723c751e8b465ee728b)  -> (artifact id: 'f215972fc41919ea151c2e58573aa1bb') in 0.016754 seconds 
========================================================================
Received Import Request.
  Time since last request: 0.000363 seconds.
  path: Assets/KrishnaPalacio/MINIFANTASY Forgotten Plains - Super Low Res 2D Pixel Art by Krishna Palacio/Tile Palettes/Standard Tiles/Cliffs/Cliff6_Minifantasy_ForgottenPlainsTiles_240.asset
  artifactKey: Guid(01a690c74a603fc4ba87102f7c0c4403) Importer(815301076,1909f56bfc062723c751e8b465ee728b)
Start importing Assets/KrishnaPalacio/MINIFANTASY Forgotten Plains - Super Low Res 2D Pixel Art by Krishna Palacio/Tile Palettes/Standard Tiles/Cliffs/Cliff6_Minifantasy_ForgottenPlainsTiles_240.asset using Guid(01a690c74a603fc4ba87102f7c0c4403) Importer(815301076,1909f56bfc062723c751e8b465ee728b)  -> (artifact id: '9bd467bdf6a8f1aa71ee3c5f1e7bdb2d') in 0.017303 seconds 
========================================================================
Received Import Request.
  Time since last request: 0.000314 seconds.
  path: Assets/KrishnaPalacio/MINIFANTASY Forgotten Plains - Super Low Res 2D Pixel Art by Krishna Palacio/Tile Palettes/Standard Tiles/Cliffs/Cliff13_Minifantasy_ForgottenPlainsTiles_393.asset
  artifactKey: Guid(3911039340ae48548a5d1e9c0e3beb16) Importer(815301076,1909f56bfc062723c751e8b465ee728b)
Start importing Assets/KrishnaPalacio/MINIFANTASY Forgotten Plains - Super Low Res 2D Pixel Art by Krishna Palacio/Tile Palettes/Standard Tiles/Cliffs/Cliff13_Minifantasy_ForgottenPlainsTiles_393.asset using Guid(3911039340ae48548a5d1e9c0e3beb16) Importer(815301076,1909f56bfc062723c751e8b465ee728b)  -> (artifact id: '3edefa72f6fbb6c8be6caa464c2d93ba') in 0.017308 seconds 
========================================================================
Received Import Request.
  Time since last request: 0.000236 seconds.
  path: Assets/KrishnaPalacio/MINIFANTASY Forgotten Plains - Super Low Res 2D Pixel Art by Krishna Palacio/Tile Palettes/Standard Tiles/Cliffs/Cliff5_Minifantasy_ForgottenPlainsTiles_239.asset
  artifactKey: Guid(bbcc4cb0628c0f240b09d375081fbcc1) Importer(815301076,1909f56bfc062723c751e8b465ee728b)
Start importing Assets/KrishnaPalacio/MINIFANTASY Forgotten Plains - Super Low Res 2D Pixel Art by Krishna Palacio/Tile Palettes/Standard Tiles/Cliffs/Cliff5_Minifantasy_ForgottenPlainsTiles_239.asset using Guid(bbcc4cb0628c0f240b09d375081fbcc1) Importer(815301076,1909f56bfc062723c751e8b465ee728b)  -> (artifact id: '88c92811a76cf58b37415060de4112b5') in 0.019894 seconds 
========================================================================
Received Import Request.
  Time since last request: 0.000229 seconds.
  path: Assets/KrishnaPalacio/MINIFANTASY Forgotten Plains - Super Low Res 2D Pixel Art by Krishna Palacio/Tile Palettes/Standard Tiles/Cliffs/Cliff30_Minifantasy_ForgottenPlainsTiles_522.asset
  artifactKey: Guid(bfe9ac4c24215a74ab94dd9a3e54590a) Importer(815301076,1909f56bfc062723c751e8b465ee728b)
Start importing Assets/KrishnaPalacio/MINIFANTASY Forgotten Plains - Super Low Res 2D Pixel Art by Krishna Palacio/Tile Palettes/Standard Tiles/Cliffs/Cliff30_Minifantasy_ForgottenPlainsTiles_522.asset using Guid(bfe9ac4c24215a74ab94dd9a3e54590a) Importer(815301076,1909f56bfc062723c751e8b465ee728b)  -> (artifact id: '9c3af95d8b4ab397f1e2322d13708349') in 0.023544 seconds 
========================================================================
Received Import Request.
  Time since last request: 0.000307 seconds.
  path: Assets/KrishnaPalacio/MINIFANTASY Forgotten Plains - Super Low Res 2D Pixel Art by Krishna Palacio/Tile Palettes/Standard Tiles/Cliffs/Cliff19_Minifantasy_ForgottenPlainsTiles_390.asset
  artifactKey: Guid(00a59d62388c5c04dbb59d30ef3b538e) Importer(815301076,1909f56bfc062723c751e8b465ee728b)
Start importing Assets/KrishnaPalacio/MINIFANTASY Forgotten Plains - Super Low Res 2D Pixel Art by Krishna Palacio/Tile Palettes/Standard Tiles/Cliffs/Cliff19_Minifantasy_ForgottenPlainsTiles_390.asset using Guid(00a59d62388c5c04dbb59d30ef3b538e) Importer(815301076,1909f56bfc062723c751e8b465ee728b)  -> (artifact id: '3271ba006e718473329765a5f5886a42') in 0.018016 seconds 
========================================================================
Received Import Request.
  Time since last request: 0.000284 seconds.
  path: Assets/KrishnaPalacio/MINIFANTASY Forgotten Plains - Super Low Res 2D Pixel Art by Krishna Palacio/Tile Palettes/Standard Tiles/Cliffs/Cliff25_Minifantasy_ForgottenPlainsTiles_436.asset
  artifactKey: Guid(3c8288fb91dfca34b9211e6a53c3fb0b) Importer(815301076,1909f56bfc062723c751e8b465ee728b)
Start importing Assets/KrishnaPalacio/MINIFANTASY Forgotten Plains - Super Low Res 2D Pixel Art by Krishna Palacio/Tile Palettes/Standard Tiles/Cliffs/Cliff25_Minifantasy_ForgottenPlainsTiles_436.asset using Guid(3c8288fb91dfca34b9211e6a53c3fb0b) Importer(815301076,1909f56bfc062723c751e8b465ee728b)  -> (artifact id: '7dd4356176913c3291b897bd3f76e536') in 0.019076 seconds 
========================================================================
Received Import Request.
  Time since last request: 5.737375 seconds.
  path: Assets/KrishnaPalacio/MINIFANTASY Forgotten Plains - Super Low Res 2D Pixel Art by Krishna Palacio/Tile Palettes/Standard Tiles/Lake
  artifactKey: Guid(408bd69b41dabd24589455f98d175ec7) Importer(815301076,1909f56bfc062723c751e8b465ee728b)
Start importing Assets/KrishnaPalacio/MINIFANTASY Forgotten Plains - Super Low Res 2D Pixel Art by Krishna Palacio/Tile Palettes/Standard Tiles/Lake using Guid(408bd69b41dabd24589455f98d175ec7) Importer(815301076,1909f56bfc062723c751e8b465ee728b)  -> (artifact id: 'ec6c493a51e9e89e5eee1c41365f6e46') in 0.013132 seconds 
========================================================================
Received Import Request.
  Time since last request: 0.022865 seconds.
  path: Assets/KrishnaPalacio/MINIFANTASY Forgotten Plains - Super Low Res 2D Pixel Art by Krishna Palacio/Tile Palettes/Standard Tiles/Lake/LakeDirt1a_Minifantasy_ForgottenPlainsTiles_204.asset
  artifactKey: Guid(5164178fde385d140a3f136bb4d6f7fc) Importer(815301076,1909f56bfc062723c751e8b465ee728b)
Start importing Assets/KrishnaPalacio/MINIFANTASY Forgotten Plains - Super Low Res 2D Pixel Art by Krishna Palacio/Tile Palettes/Standard Tiles/Lake/LakeDirt1a_Minifantasy_ForgottenPlainsTiles_204.asset using Guid(5164178fde385d140a3f136bb4d6f7fc) Importer(815301076,1909f56bfc062723c751e8b465ee728b)  -> (artifact id: 'bfce955aabd561ff56ef0ce9c5b5848f') in 0.039956 seconds 
========================================================================
Received Import Request.
  Time since last request: 0.000312 seconds.
  path: Assets/KrishnaPalacio/MINIFANTASY Forgotten Plains - Super Low Res 2D Pixel Art by Krishna Palacio/Tile Palettes/Standard Tiles/Lake/LakeDirt8a_Minifantasy_ForgottenPlainsTiles_301.asset
  artifactKey: Guid(3972437155ee2cf459e6ec6a4805f2e7) Importer(815301076,1909f56bfc062723c751e8b465ee728b)
Start importing Assets/KrishnaPalacio/MINIFANTASY Forgotten Plains - Super Low Res 2D Pixel Art by Krishna Palacio/Tile Palettes/Standard Tiles/Lake/LakeDirt8a_Minifantasy_ForgottenPlainsTiles_301.asset using Guid(3972437155ee2cf459e6ec6a4805f2e7) Importer(815301076,1909f56bfc062723c751e8b465ee728b)  -> (artifact id: '6ff21c9792a88f35302c4752c72ca965') in 0.021556 seconds 
========================================================================
Received Import Request.
  Time since last request: 0.000270 seconds.
  path: Assets/KrishnaPalacio/MINIFANTASY Forgotten Plains - Super Low Res 2D Pixel Art by Krishna Palacio/Tile Palettes/Standard Tiles/Lake/LakeDirt8b_Minifantasy_ForgottenPlainsTiles_304.asset
  artifactKey: Guid(3b6792c132ad2454cbca7ce22c8eb572) Importer(815301076,1909f56bfc062723c751e8b465ee728b)
Start importing Assets/KrishnaPalacio/MINIFANTASY Forgotten Plains - Super Low Res 2D Pixel Art by Krishna Palacio/Tile Palettes/Standard Tiles/Lake/LakeDirt8b_Minifantasy_ForgottenPlainsTiles_304.asset using Guid(3b6792c132ad2454cbca7ce22c8eb572) Importer(815301076,1909f56bfc062723c751e8b465ee728b)  -> (artifact id: '30ef9cc74b4a9f33bfd371edc31bab7b') in 0.018492 seconds 
========================================================================
Received Import Request.
  Time since last request: 0.000300 seconds.
  path: Assets/KrishnaPalacio/MINIFANTASY Forgotten Plains - Super Low Res 2D Pixel Art by Krishna Palacio/Tile Palettes/Standard Tiles/Lake/LakeDirt13b_Minifantasy_ForgottenPlainsTiles_408.asset
  artifactKey: Guid(ff05ab0dd37799b44a43290d8ea59dd4) Importer(815301076,1909f56bfc062723c751e8b465ee728b)
Start importing Assets/KrishnaPalacio/MINIFANTASY Forgotten Plains - Super Low Res 2D Pixel Art by Krishna Palacio/Tile Palettes/Standard Tiles/Lake/LakeDirt13b_Minifantasy_ForgottenPlainsTiles_408.asset using Guid(ff05ab0dd37799b44a43290d8ea59dd4) Importer(815301076,1909f56bfc062723c751e8b465ee728b)  -> (artifact id: 'cfbbcc983fa13c6de489de0ce9874c33') in 0.016163 seconds 
========================================================================
Received Import Request.
  Time since last request: 0.000255 seconds.
  path: Assets/KrishnaPalacio/MINIFANTASY Forgotten Plains - Super Low Res 2D Pixel Art by Krishna Palacio/Tile Palettes/Standard Tiles/Lake/LakeDirt13a_Minifantasy_ForgottenPlainsTiles_405.asset
  artifactKey: Guid(c321a2d0949449f448f47b3c99b93ec6) Importer(815301076,1909f56bfc062723c751e8b465ee728b)
Start importing Assets/KrishnaPalacio/MINIFANTASY Forgotten Plains - Super Low Res 2D Pixel Art by Krishna Palacio/Tile Palettes/Standard Tiles/Lake/LakeDirt13a_Minifantasy_ForgottenPlainsTiles_405.asset using Guid(c321a2d0949449f448f47b3c99b93ec6) Importer(815301076,1909f56bfc062723c751e8b465ee728b)  -> (artifact id: '608ee93262974ab1d7047891e27d4687') in 0.020158 seconds 
========================================================================
Received Import Request.
  Time since last request: 0.000345 seconds.
  path: Assets/KrishnaPalacio/MINIFANTASY Forgotten Plains - Super Low Res 2D Pixel Art by Krishna Palacio/Tile Palettes/Standard Tiles/Lake/LakeDirt4a_Minifantasy_ForgottenPlainsTiles_250.asset
  artifactKey: Guid(d79457359054fb84096d98389f2324d7) Importer(815301076,1909f56bfc062723c751e8b465ee728b)
Start importing Assets/KrishnaPalacio/MINIFANTASY Forgotten Plains - Super Low Res 2D Pixel Art by Krishna Palacio/Tile Palettes/Standard Tiles/Lake/LakeDirt4a_Minifantasy_ForgottenPlainsTiles_250.asset using Guid(d79457359054fb84096d98389f2324d7) Importer(815301076,1909f56bfc062723c751e8b465ee728b)  -> (artifact id: '8ed5aea50fd4c232b7f6b2341e17c22a') in 0.018306 seconds 
========================================================================
Received Import Request.
  Time since last request: 0.000227 seconds.
  path: Assets/KrishnaPalacio/MINIFANTASY Forgotten Plains - Super Low Res 2D Pixel Art by Krishna Palacio/Tile Palettes/Standard Tiles/Lake/LakeDirt7a_Minifantasy_ForgottenPlainsTiles_300.asset
  artifactKey: Guid(25df8fe2be24c644ebe4268603a7776f) Importer(815301076,1909f56bfc062723c751e8b465ee728b)
Start importing Assets/KrishnaPalacio/MINIFANTASY Forgotten Plains - Super Low Res 2D Pixel Art by Krishna Palacio/Tile Palettes/Standard Tiles/Lake/LakeDirt7a_Minifantasy_ForgottenPlainsTiles_300.asset using Guid(25df8fe2be24c644ebe4268603a7776f) Importer(815301076,1909f56bfc062723c751e8b465ee728b)  -> (artifact id: '608e457ffaa3566b4f9a8b27ccd5a9a8') in 0.018859 seconds 
========================================================================
Received Import Request.
  Time since last request: 0.000264 seconds.
  path: Assets/KrishnaPalacio/MINIFANTASY Forgotten Plains - Super Low Res 2D Pixel Art by Krishna Palacio/Tile Palettes/Standard Tiles/Lake/LakeDirt10a_Minifantasy_ForgottenPlainsTiles_353.asset
  artifactKey: Guid(0bc62eb300b8a934fabbb31d90cfaec6) Importer(815301076,1909f56bfc062723c751e8b465ee728b)
Start importing Assets/KrishnaPalacio/MINIFANTASY Forgotten Plains - Super Low Res 2D Pixel Art by Krishna Palacio/Tile Palettes/Standard Tiles/Lake/LakeDirt10a_Minifantasy_ForgottenPlainsTiles_353.asset using Guid(0bc62eb300b8a934fabbb31d90cfaec6) Importer(815301076,1909f56bfc062723c751e8b465ee728b)  -> (artifact id: 'd143fba57102d934f27a05836061a695') in 0.023194 seconds 
========================================================================
Received Import Request.
  Time since last request: 0.000240 seconds.
  path: Assets/KrishnaPalacio/MINIFANTASY Forgotten Plains - Super Low Res 2D Pixel Art by Krishna Palacio/Tile Palettes/Standard Tiles/Lake/LakeDirt4b_Minifantasy_ForgottenPlainsTiles_253.asset
  artifactKey: Guid(f6292168e9188ae4182bf74ebfbd7a38) Importer(815301076,1909f56bfc062723c751e8b465ee728b)
Start importing Assets/KrishnaPalacio/MINIFANTASY Forgotten Plains - Super Low Res 2D Pixel Art by Krishna Palacio/Tile Palettes/Standard Tiles/Lake/LakeDirt4b_Minifantasy_ForgottenPlainsTiles_253.asset using Guid(f6292168e9188ae4182bf74ebfbd7a38) Importer(815301076,1909f56bfc062723c751e8b465ee728b)  -> (artifact id: 'f1e8df09be6d634f34c4daaf0c17d7cb') in 0.017906 seconds 
========================================================================
Received Import Request.
  Time since last request: 0.000299 seconds.
  path: Assets/KrishnaPalacio/MINIFANTASY Forgotten Plains - Super Low Res 2D Pixel Art by Krishna Palacio/Tile Palettes/Standard Tiles/Lake/LakeDirt7b_Minifantasy_ForgottenPlainsTiles_303.asset
  artifactKey: Guid(e0519054c86d0c64da7162ababaeacb6) Importer(815301076,1909f56bfc062723c751e8b465ee728b)
Start importing Assets/KrishnaPalacio/MINIFANTASY Forgotten Plains - Super Low Res 2D Pixel Art by Krishna Palacio/Tile Palettes/Standard Tiles/Lake/LakeDirt7b_Minifantasy_ForgottenPlainsTiles_303.asset using Guid(e0519054c86d0c64da7162ababaeacb6) Importer(815301076,1909f56bfc062723c751e8b465ee728b)  -> (artifact id: '7809faa6393adefecddd26fe78a8d92f') in 0.018753 seconds 
========================================================================
Received Import Request.
  Time since last request: 0.000331 seconds.
  path: Assets/KrishnaPalacio/MINIFANTASY Forgotten Plains - Super Low Res 2D Pixel Art by Krishna Palacio/Tile Palettes/Standard Tiles/Lake/LakeDirt9b_Minifantasy_ForgottenPlainsTiles_305.asset
  artifactKey: Guid(f479675673f90784b9ac1239c6f899ae) Importer(815301076,1909f56bfc062723c751e8b465ee728b)
Start importing Assets/KrishnaPalacio/MINIFANTASY Forgotten Plains - Super Low Res 2D Pixel Art by Krishna Palacio/Tile Palettes/Standard Tiles/Lake/LakeDirt9b_Minifantasy_ForgottenPlainsTiles_305.asset using Guid(f479675673f90784b9ac1239c6f899ae) Importer(815301076,1909f56bfc062723c751e8b465ee728b)  -> (artifact id: '94e26b5cf3b6fd8c282d7dfd986f4c92') in 0.020870 seconds 
========================================================================
Received Import Request.
  Time since last request: 0.000274 seconds.
  path: Assets/KrishnaPalacio/MINIFANTASY Forgotten Plains - Super Low Res 2D Pixel Art by Krishna Palacio/Tile Palettes/Standard Tiles/Lake/LakeDirt5a_Minifantasy_ForgottenPlainsTiles_251.asset
  artifactKey: Guid(61cd3f48c0394f44d880d561e93f4461) Importer(815301076,1909f56bfc062723c751e8b465ee728b)
Start importing Assets/KrishnaPalacio/MINIFANTASY Forgotten Plains - Super Low Res 2D Pixel Art by Krishna Palacio/Tile Palettes/Standard Tiles/Lake/LakeDirt5a_Minifantasy_ForgottenPlainsTiles_251.asset using Guid(61cd3f48c0394f44d880d561e93f4461) Importer(815301076,1909f56bfc062723c751e8b465ee728b)  -> (artifact id: '6aed8aa3ce15f4f7bbb1b8fd963f0659') in 0.016308 seconds 
========================================================================
Received Import Request.
  Time since last request: 0.000321 seconds.
  path: Assets/KrishnaPalacio/MINIFANTASY Forgotten Plains - Super Low Res 2D Pixel Art by Krishna Palacio/Tile Palettes/Standard Tiles/Lake/LakeDirt1b_Minifantasy_ForgottenPlainsTiles_207.asset
  artifactKey: Guid(561477b7169f94c47abc8619d68c7608) Importer(815301076,1909f56bfc062723c751e8b465ee728b)
Start importing Assets/KrishnaPalacio/MINIFANTASY Forgotten Plains - Super Low Res 2D Pixel Art by Krishna Palacio/Tile Palettes/Standard Tiles/Lake/LakeDirt1b_Minifantasy_ForgottenPlainsTiles_207.asset using Guid(561477b7169f94c47abc8619d68c7608) Importer(815301076,1909f56bfc062723c751e8b465ee728b)  -> (artifact id: 'ddcc41cace4ebdd2878f304b6d957e3e') in 0.018194 seconds 
========================================================================
Received Import Request.
  Time since last request: 0.000251 seconds.
  path: Assets/KrishnaPalacio/MINIFANTASY Forgotten Plains - Super Low Res 2D Pixel Art by Krishna Palacio/Tile Palettes/Standard Tiles/Lake/LakeDirt14a_Minifantasy_ForgottenPlainsTiles_406.asset
  artifactKey: Guid(4c379552eee86d841ae124e8245bed29) Importer(815301076,1909f56bfc062723c751e8b465ee728b)
Start importing Assets/KrishnaPalacio/MINIFANTASY Forgotten Plains - Super Low Res 2D Pixel Art by Krishna Palacio/Tile Palettes/Standard Tiles/Lake/LakeDirt14a_Minifantasy_ForgottenPlainsTiles_406.asset using Guid(4c379552eee86d841ae124e8245bed29) Importer(815301076,1909f56bfc062723c751e8b465ee728b)  -> (artifact id: '25ed34208181dbe6a20113a0fbd3d6a2') in 0.016739 seconds 
========================================================================
Received Import Request.
  Time since last request: 0.000229 seconds.
  path: Assets/KrishnaPalacio/MINIFANTASY Forgotten Plains - Super Low Res 2D Pixel Art by Krishna Palacio/Tile Palettes/Standard Tiles/Lake/LakeDirt12a_Minifantasy_ForgottenPlainsTiles_355.asset
  artifactKey: Guid(26cd8e33d453ef94a99c04bc81039c83) Importer(815301076,1909f56bfc062723c751e8b465ee728b)
Start importing Assets/KrishnaPalacio/MINIFANTASY Forgotten Plains - Super Low Res 2D Pixel Art by Krishna Palacio/Tile Palettes/Standard Tiles/Lake/LakeDirt12a_Minifantasy_ForgottenPlainsTiles_355.asset using Guid(26cd8e33d453ef94a99c04bc81039c83) Importer(815301076,1909f56bfc062723c751e8b465ee728b)  -> (artifact id: '2723496211cb93c9fc62013352bb25d2') in 0.017650 seconds 
========================================================================
Received Import Request.
  Time since last request: 0.000260 seconds.
  path: Assets/KrishnaPalacio/MINIFANTASY Forgotten Plains - Super Low Res 2D Pixel Art by Krishna Palacio/Tile Palettes/Standard Tiles/Lake/LakeDirt2a_Minifantasy_ForgottenPlainsTiles_205.asset
  artifactKey: Guid(99fb67df544607548893bf5ddb577acd) Importer(815301076,1909f56bfc062723c751e8b465ee728b)
Start importing Assets/KrishnaPalacio/MINIFANTASY Forgotten Plains - Super Low Res 2D Pixel Art by Krishna Palacio/Tile Palettes/Standard Tiles/Lake/LakeDirt2a_Minifantasy_ForgottenPlainsTiles_205.asset using Guid(99fb67df544607548893bf5ddb577acd) Importer(815301076,1909f56bfc062723c751e8b465ee728b)  -> (artifact id: 'a4423cc7b32b20fbfd9631fb1d53f673') in 0.016929 seconds 
========================================================================
Received Import Request.
  Time since last request: 0.000297 seconds.
  path: Assets/KrishnaPalacio/MINIFANTASY Forgotten Plains - Super Low Res 2D Pixel Art by Krishna Palacio/Tile Palettes/Standard Tiles/Lake/LakeDirt11a_Minifantasy_ForgottenPlainsTiles_354.asset
  artifactKey: Guid(defa2c7b7edf71d4688ab9f4dc68154a) Importer(815301076,1909f56bfc062723c751e8b465ee728b)
Start importing Assets/KrishnaPalacio/MINIFANTASY Forgotten Plains - Super Low Res 2D Pixel Art by Krishna Palacio/Tile Palettes/Standard Tiles/Lake/LakeDirt11a_Minifantasy_ForgottenPlainsTiles_354.asset using Guid(defa2c7b7edf71d4688ab9f4dc68154a) Importer(815301076,1909f56bfc062723c751e8b465ee728b)  -> (artifact id: '2527be2fb543b3d82a3fad1716fefabc') in 0.018135 seconds 
========================================================================
Received Import Request.
  Time since last request: 0.000336 seconds.
  path: Assets/KrishnaPalacio/MINIFANTASY Forgotten Plains - Super Low Res 2D Pixel Art by Krishna Palacio/Tile Palettes/Standard Tiles/Lake/LakeDirt11b_Minifantasy_ForgottenPlainsTiles_357.asset
  artifactKey: Guid(3362199723ad69940a8a6dddc5e2e3bc) Importer(815301076,1909f56bfc062723c751e8b465ee728b)
Start importing Assets/KrishnaPalacio/MINIFANTASY Forgotten Plains - Super Low Res 2D Pixel Art by Krishna Palacio/Tile Palettes/Standard Tiles/Lake/LakeDirt11b_Minifantasy_ForgottenPlainsTiles_357.asset using Guid(3362199723ad69940a8a6dddc5e2e3bc) Importer(815301076,1909f56bfc062723c751e8b465ee728b)  -> (artifact id: '32dd1a85627f6b7bdc5b0fbb00172666') in 0.019936 seconds 
========================================================================
Received Import Request.
  Time since last request: 0.000241 seconds.
  path: Assets/KrishnaPalacio/MINIFANTASY Forgotten Plains - Super Low Res 2D Pixel Art by Krishna Palacio/Tile Palettes/Standard Tiles/Lake/LakeDirt12b_Minifantasy_ForgottenPlainsTiles_358.asset
  artifactKey: Guid(586cd8c6aef2a8f4f938e51b90bcba7d) Importer(815301076,1909f56bfc062723c751e8b465ee728b)
Start importing Assets/KrishnaPalacio/MINIFANTASY Forgotten Plains - Super Low Res 2D Pixel Art by Krishna Palacio/Tile Palettes/Standard Tiles/Lake/LakeDirt12b_Minifantasy_ForgottenPlainsTiles_358.asset using Guid(586cd8c6aef2a8f4f938e51b90bcba7d) Importer(815301076,1909f56bfc062723c751e8b465ee728b)  -> (artifact id: '62f0587fc58397f8458afe40c9c3361f') in 0.018065 seconds 
========================================================================
Received Import Request.
  Time since last request: 0.000255 seconds.
  path: Assets/KrishnaPalacio/MINIFANTASY Forgotten Plains - Super Low Res 2D Pixel Art by Krishna Palacio/Tile Palettes/Standard Tiles/Lake/LakeDirt3a_Minifantasy_ForgottenPlainsTiles_206.asset
  artifactKey: Guid(bd05f2b3c34b80b40be5cd656eb2e151) Importer(815301076,1909f56bfc062723c751e8b465ee728b)
Start importing Assets/KrishnaPalacio/MINIFANTASY Forgotten Plains - Super Low Res 2D Pixel Art by Krishna Palacio/Tile Palettes/Standard Tiles/Lake/LakeDirt3a_Minifantasy_ForgottenPlainsTiles_206.asset using Guid(bd05f2b3c34b80b40be5cd656eb2e151) Importer(815301076,1909f56bfc062723c751e8b465ee728b)  -> (artifact id: 'cbdacd9e9ca9901126f1074a9fe99752') in 0.016729 seconds 
========================================================================
Received Import Request.
  Time since last request: 0.000239 seconds.
  path: Assets/KrishnaPalacio/MINIFANTASY Forgotten Plains - Super Low Res 2D Pixel Art by Krishna Palacio/Tile Palettes/Standard Tiles/Lake/LakeDirt15a_Minifantasy_ForgottenPlainsTiles_407.asset
  artifactKey: Guid(d807e585e50376345b78aeea2693b87a) Importer(815301076,1909f56bfc062723c751e8b465ee728b)
Start importing Assets/KrishnaPalacio/MINIFANTASY Forgotten Plains - Super Low Res 2D Pixel Art by Krishna Palacio/Tile Palettes/Standard Tiles/Lake/LakeDirt15a_Minifantasy_ForgottenPlainsTiles_407.asset using Guid(d807e585e50376345b78aeea2693b87a) Importer(815301076,1909f56bfc062723c751e8b465ee728b)  -> (artifact id: '254077060cc862667eb1d9702c5c6035') in 0.017278 seconds 
========================================================================
Received Import Request.
  Time since last request: 0.000249 seconds.
  path: Assets/KrishnaPalacio/MINIFANTASY Forgotten Plains - Super Low Res 2D Pixel Art by Krishna Palacio/Tile Palettes/Standard Tiles/Lake/LakeDirt3b_Minifantasy_ForgottenPlainsTiles_209.asset
  artifactKey: Guid(66f741937ca904f45b81b98b19ae3f22) Importer(815301076,1909f56bfc062723c751e8b465ee728b)
Start importing Assets/KrishnaPalacio/MINIFANTASY Forgotten Plains - Super Low Res 2D Pixel Art by Krishna Palacio/Tile Palettes/Standard Tiles/Lake/LakeDirt3b_Minifantasy_ForgottenPlainsTiles_209.asset using Guid(66f741937ca904f45b81b98b19ae3f22) Importer(815301076,1909f56bfc062723c751e8b465ee728b)  -> (artifact id: '251e00c90448ce9f375ad7296c787a71') in 0.018965 seconds 
========================================================================
Received Import Request.
  Time since last request: 0.000374 seconds.
  path: Assets/KrishnaPalacio/MINIFANTASY Forgotten Plains - Super Low Res 2D Pixel Art by Krishna Palacio/Tile Palettes/Standard Tiles/Lake/LakeDirt14b_Minifantasy_ForgottenPlainsTiles_409.asset
  artifactKey: Guid(016b8a13e5eae0c47996ce792caf4638) Importer(815301076,1909f56bfc062723c751e8b465ee728b)
Start importing Assets/KrishnaPalacio/MINIFANTASY Forgotten Plains - Super Low Res 2D Pixel Art by Krishna Palacio/Tile Palettes/Standard Tiles/Lake/LakeDirt14b_Minifantasy_ForgottenPlainsTiles_409.asset using Guid(016b8a13e5eae0c47996ce792caf4638) Importer(815301076,1909f56bfc062723c751e8b465ee728b)  -> (artifact id: '6dcae2eac70b4ca7b5f6879ac6087666') in 0.021304 seconds 
========================================================================
Received Import Request.
  Time since last request: 0.000220 seconds.
  path: Assets/KrishnaPalacio/MINIFANTASY Forgotten Plains - Super Low Res 2D Pixel Art by Krishna Palacio/Tile Palettes/Standard Tiles/Lake/LakeDirt5b_Minifantasy_ForgottenPlainsTiles_254.asset
  artifactKey: Guid(002b8af668ed2574b8df5067db8f7dd8) Importer(815301076,1909f56bfc062723c751e8b465ee728b)
Start importing Assets/KrishnaPalacio/MINIFANTASY Forgotten Plains - Super Low Res 2D Pixel Art by Krishna Palacio/Tile Palettes/Standard Tiles/Lake/LakeDirt5b_Minifantasy_ForgottenPlainsTiles_254.asset using Guid(002b8af668ed2574b8df5067db8f7dd8) Importer(815301076,1909f56bfc062723c751e8b465ee728b)  -> (artifact id: '503a63469eee85ddce32ff6e3d0e5322') in 0.018510 seconds 
========================================================================
Received Import Request.
  Time since last request: 0.000402 seconds.
  path: Assets/KrishnaPalacio/MINIFANTASY Forgotten Plains - Super Low Res 2D Pixel Art by Krishna Palacio/Tile Palettes/Standard Tiles/Lake/LakeDirt10b_Minifantasy_ForgottenPlainsTiles_356.asset
  artifactKey: Guid(8e53314a65828f84e92688a9e36f5674) Importer(815301076,1909f56bfc062723c751e8b465ee728b)
Start importing Assets/KrishnaPalacio/MINIFANTASY Forgotten Plains - Super Low Res 2D Pixel Art by Krishna Palacio/Tile Palettes/Standard Tiles/Lake/LakeDirt10b_Minifantasy_ForgottenPlainsTiles_356.asset using Guid(8e53314a65828f84e92688a9e36f5674) Importer(815301076,1909f56bfc062723c751e8b465ee728b)  -> (artifact id: '6b83c9575abc6511ddd7854cf9911533') in 0.017601 seconds 
========================================================================
Received Import Request.
  Time since last request: 0.000262 seconds.
  path: Assets/KrishnaPalacio/MINIFANTASY Forgotten Plains - Super Low Res 2D Pixel Art by Krishna Palacio/Tile Palettes/Standard Tiles/Lake/LakeDirt6b_Minifantasy_ForgottenPlainsTiles_255.asset
  artifactKey: Guid(e9d47e72555be114faf9f449fe8c1a63) Importer(815301076,1909f56bfc062723c751e8b465ee728b)
Start importing Assets/KrishnaPalacio/MINIFANTASY Forgotten Plains - Super Low Res 2D Pixel Art by Krishna Palacio/Tile Palettes/Standard Tiles/Lake/LakeDirt6b_Minifantasy_ForgottenPlainsTiles_255.asset using Guid(e9d47e72555be114faf9f449fe8c1a63) Importer(815301076,1909f56bfc062723c751e8b465ee728b)  -> (artifact id: 'e5d47ea0753fd745928eedfc45b9ecff') in 0.017326 seconds 
========================================================================
Received Import Request.
  Time since last request: 0.000249 seconds.
  path: Assets/KrishnaPalacio/MINIFANTASY Forgotten Plains - Super Low Res 2D Pixel Art by Krishna Palacio/Tile Palettes/Standard Tiles/Lake/LakeDirt2b_Minifantasy_ForgottenPlainsTiles_208.asset
  artifactKey: Guid(d142476e3ef177a4580b6548e8439af5) Importer(815301076,1909f56bfc062723c751e8b465ee728b)
Start importing Assets/KrishnaPalacio/MINIFANTASY Forgotten Plains - Super Low Res 2D Pixel Art by Krishna Palacio/Tile Palettes/Standard Tiles/Lake/LakeDirt2b_Minifantasy_ForgottenPlainsTiles_208.asset using Guid(d142476e3ef177a4580b6548e8439af5) Importer(815301076,1909f56bfc062723c751e8b465ee728b)  -> (artifact id: 'c9051d671449754a0b2452c5b9a44d4b') in 0.016511 seconds 
========================================================================
Received Import Request.
  Time since last request: 0.000231 seconds.
  path: Assets/KrishnaPalacio/MINIFANTASY Forgotten Plains - Super Low Res 2D Pixel Art by Krishna Palacio/Tile Palettes/Standard Tiles/Lake/LakeDirt9a_Minifantasy_ForgottenPlainsTiles_302.asset
  artifactKey: Guid(52bb76ef18da21843aa40c15c869bb9e) Importer(815301076,1909f56bfc062723c751e8b465ee728b)
Start importing Assets/KrishnaPalacio/MINIFANTASY Forgotten Plains - Super Low Res 2D Pixel Art by Krishna Palacio/Tile Palettes/Standard Tiles/Lake/LakeDirt9a_Minifantasy_ForgottenPlainsTiles_302.asset using Guid(52bb76ef18da21843aa40c15c869bb9e) Importer(815301076,1909f56bfc062723c751e8b465ee728b)  -> (artifact id: '964afdc63eb15f0262f8e10db8c4da31') in 0.016516 seconds 
========================================================================
Received Import Request.
  Time since last request: 0.000246 seconds.
  path: Assets/KrishnaPalacio/MINIFANTASY Forgotten Plains - Super Low Res 2D Pixel Art by Krishna Palacio/Tile Palettes/Standard Tiles/Lake/LakeDirt6a_Minifantasy_ForgottenPlainsTiles_252.asset
  artifactKey: Guid(7e397bce126ed934980dba7831554126) Importer(815301076,1909f56bfc062723c751e8b465ee728b)
Start importing Assets/KrishnaPalacio/MINIFANTASY Forgotten Plains - Super Low Res 2D Pixel Art by Krishna Palacio/Tile Palettes/Standard Tiles/Lake/LakeDirt6a_Minifantasy_ForgottenPlainsTiles_252.asset using Guid(7e397bce126ed934980dba7831554126) Importer(815301076,1909f56bfc062723c751e8b465ee728b)  -> (artifact id: 'd60fd24e995a7a3d02de9db2031ebd85') in 0.017822 seconds 
========================================================================
Received Prepare
Registering precompiled user dll's ...
Registered in 0.004352 seconds.
Begin MonoManager ReloadAssembly
Native extension for WindowsStandalone target not found
Refreshing native plugins compatible for Editor in 0.94 ms, found 3 plugins.
Preloading 0 native plugins for Editor in 0.00 ms.
Mono: successfully reloaded assembly
- Completed reload, in  1.435 seconds
Domain Reload Profiling:
	ReloadAssembly (1435ms)
		BeginReloadAssembly (160ms)
			ExecutionOrderSort (0ms)
			DisableScriptedObjects (7ms)
			BackupInstance (0ms)
			ReleaseScriptingObjects (0ms)
			CreateAndSetChildDomain (49ms)
		EndReloadAssembly (1183ms)
			LoadAssemblies (140ms)
			RebuildTransferFunctionScriptingTraits (0ms)
			SetupTypeCache (346ms)
			ReleaseScriptCaches (1ms)
			RebuildScriptCaches (52ms)
			SetupLoadedEditorAssemblies (510ms)
				LogAssemblyErrors (0ms)
				InitializePlatformSupportModulesInManaged (6ms)
				SetLoadedEditorAssemblies (1ms)
				RefreshPlugins (1ms)
				BeforeProcessingInitializeOnLoad (123ms)
				ProcessInitializeOnLoadAttributes (349ms)
				ProcessInitializeOnLoadMethodAttributes (18ms)
				AfterProcessingInitializeOnLoad (12ms)
				EditorAssembliesLoaded (0ms)
			ExecutionOrderSort2 (0ms)
			AwakeInstancesAfterBackupRestoration (16ms)
Platform modules already initialized, skipping
Refreshing native plugins compatible for Editor in 1.24 ms, found 3 plugins.
Preloading 0 native plugins for Editor in 0.00 ms.
Unloading 2304 Unused Serialized files (Serialized files now loaded: 0)
System memory in use before: 102.3 MB.
System memory in use after: 102.5 MB.

Unloading 27 unused Assets to reduce memory usage. Loaded Objects now: 2793.
Total: 4.761900 ms (FindLiveObjects: 0.308600 ms CreateObjectMapping: 0.082000 ms MarkObjects: 4.331800 ms  DeleteObjects: 0.038100 ms)

AssetImportParameters requested are different than current active one (requested -> active):
  custom:framework-win-MediaFoundation: 216162199b28c13a410421893ffa2e32 -> 
  custom:video-decoder-ogg-theora: a1e56fd34408186e4bbccfd4996cb3dc -> 
  custom:container-muxer-webm: aa71ff27fc2769a1b78a27578f13a17b -> 
  custom:container-demuxer-webm: 4f35f7cbe854078d1ac9338744f61a02 -> 
  custom:container-demuxer-ogg: 62fdf1f143b41e24485cea50d1cbac27 -> 
  custom:video-encoder-webm-vp8: eb34c28f22e8b96e1ab97ce403110664 -> 
  custom:video-decoder-webm-vp8: 9c59270c3fd7afecdb556c50c9e8de78 -> 
  custom:audio-decoder-ogg-vorbis: bf7c407c2cedff20999df2af8eb42d56 -> 
  custom:audio-encoder-webm-vorbis: bf7c407c2cedff20999df2af8eb42d56 -> 
AssetImportWorkerClient::OnTransportError - code=2 error=End of file
